                      :-) GROMACS - gmx mdrun, 2020.4 (-:

                            GROMACS is written by:
     Emile Apol      Rossen Apostolov      Paul Bauer     Herman J.C. Berendsen
    Par Bjelkmar      Christian Blau   Viacheslav Bolnykh     Kevin Boyd    
 Aldert van Buuren   Rudi van Drunen     Anton Feenstra       Alan Gray     
  Gerrit Groenhof     Anca Hamuraru    Vincent Hindriksen  M. Eric Irrgang  
  Aleksei Iupinov   Christoph Junghans     Joe Jordan     Dimitrios Karkoulis
    Peter Kasson        Jiri Kraus      Carsten Kutzner      Per Larsson    
  Justin A. Lemkul    Viveca Lindahl    Magnus Lundborg     Erik Marklund   
    Pascal Merz     Pieter Meulenhoff    Teemu Murtola       Szilard Pall   
    Sander Pronk      Roland Schulz      Michael Shirts    Alexey Shvetsov  
   Alfons Sijbers     Peter Tieleman      Jon Vincent      Teemu Virolainen 
 Christian Wennberg    Maarten Wolf      Artem Zhmurov   
                           and the project leaders:
        Mark Abraham, Berk Hess, Erik Lindahl, and David van der Spoel

Copyright (c) 1991-2000, University of Groningen, The Netherlands.
Copyright (c) 2001-2019, The GROMACS development team at
Uppsala University, Stockholm University and
the Royal Institute of Technology, Sweden.
check out http://www.gromacs.org for more information.

GROMACS is free software; you can redistribute it and/or modify it
under the terms of the GNU Lesser General Public License
as published by the Free Software Foundation; either version 2.1
of the License, or (at your option) any later version.

GROMACS:      gmx mdrun, version 2020.4
Executable:   /share/apps/gromacs/2020.4/openmpi/intel/bin/gmx_mpi
Data prefix:  /share/apps/gromacs/2020.4/openmpi/intel
Working dir:  /scratch/work/courses/CHEM-GA-2671-2022fa/tp2353/comp-lab-class/Week4/ions_in_water/gromacs
Process ID:   4002420
Command line:
  gmx_mpi mdrun -v -deffnm step4.1_equilibration

GROMACS version:    2020.4
Verified release checksum is 79c2857291b034542c26e90512b92fd4b184a1c9d6fa59c55f2e24ccf14e7281
Precision:          single
Memory model:       64 bit
MPI library:        MPI
OpenMP support:     disabled
GPU support:        disabled
SIMD instructions:  AVX_512
FFT library:        Intel MKL
RDTSCP usage:       enabled
TNG support:        enabled
Hwloc support:      disabled
Tracing support:    disabled
C compiler:         /share/apps/openmpi/4.0.5/intel/bin/mpicc Intel 19.1.2.20200623
C compiler flags:   -xCORE-AVX512 -qopt-zmm-usage=high -mkl=sequential -wd3180 -std=gnu99 -ip -funroll-all-loops -alias-const -ansi-alias -no-prec-div -fimf-domain-exclusion=14 -qoverride-limits -O3 -DNDEBUG
C++ compiler:       /share/apps/openmpi/4.0.5/intel/bin/mpicxx Intel 19.1.2.20200623
C++ compiler flags: -xCORE-AVX512 -qopt-zmm-usage=high -mkl=sequential -wd3180 -ip -funroll-all-loops -alias-const -ansi-alias -no-prec-div -fimf-domain-exclusion=14 -qoverride-limits -O3 -DNDEBUG


Running on 5 nodes with total 240 cores, 240 logical cores
  Cores per node:           48
  Logical cores per node:   48
Hardware detected on host cs246.hpc.nyu.edu (the node of MPI rank 0):
  CPU info:
    Vendor: Intel
    Brand:  Intel(R) Xeon(R) Platinum 8268 CPU @ 2.90GHz
    Family: 6   Model: 85   Stepping: 7
    Features: aes apic avx avx2 avx512f avx512cd avx512bw avx512vl clfsh cmov cx8 cx16 f16c fma htt intel lahf mmx msr nonstop_tsc pcid pclmuldq pdcm pdpe1gb popcnt pse rdrnd rdtscp sse2 sse3 sse4.1 sse4.2 ssse3 tdt x2apic
    Number of AVX-512 FMA units: 2
  Hardware topology: Only logical processor count


++++ PLEASE READ AND CITE THE FOLLOWING REFERENCE ++++
M. J. Abraham, T. Murtola, R. Schulz, S. Páll, J. C. Smith, B. Hess, E.
Lindahl
GROMACS: High performance molecular simulations through multi-level
parallelism from laptops to supercomputers
SoftwareX 1 (2015) pp. 19-25
-------- -------- --- Thank You --- -------- --------


++++ PLEASE READ AND CITE THE FOLLOWING REFERENCE ++++
S. Páll, M. J. Abraham, C. Kutzner, B. Hess, E. Lindahl
Tackling Exascale Software Challenges in Molecular Dynamics Simulations with
GROMACS
In S. Markidis & E. Laure (Eds.), Solving Software Challenges for Exascale 8759 (2015) pp. 3-27
-------- -------- --- Thank You --- -------- --------


++++ PLEASE READ AND CITE THE FOLLOWING REFERENCE ++++
S. Pronk, S. Páll, R. Schulz, P. Larsson, P. Bjelkmar, R. Apostolov, M. R.
Shirts, J. C. Smith, P. M. Kasson, D. van der Spoel, B. Hess, and E. Lindahl
GROMACS 4.5: a high-throughput and highly parallel open source molecular
simulation toolkit
Bioinformatics 29 (2013) pp. 845-54
-------- -------- --- Thank You --- -------- --------


++++ PLEASE READ AND CITE THE FOLLOWING REFERENCE ++++
B. Hess and C. Kutzner and D. van der Spoel and E. Lindahl
GROMACS 4: Algorithms for highly efficient, load-balanced, and scalable
molecular simulation
J. Chem. Theory Comput. 4 (2008) pp. 435-447
-------- -------- --- Thank You --- -------- --------


++++ PLEASE READ AND CITE THE FOLLOWING REFERENCE ++++
D. van der Spoel, E. Lindahl, B. Hess, G. Groenhof, A. E. Mark and H. J. C.
Berendsen
GROMACS: Fast, Flexible and Free
J. Comp. Chem. 26 (2005) pp. 1701-1719
-------- -------- --- Thank You --- -------- --------


++++ PLEASE READ AND CITE THE FOLLOWING REFERENCE ++++
E. Lindahl and B. Hess and D. van der Spoel
GROMACS 3.0: A package for molecular simulation and trajectory analysis
J. Mol. Mod. 7 (2001) pp. 306-317
-------- -------- --- Thank You --- -------- --------


++++ PLEASE READ AND CITE THE FOLLOWING REFERENCE ++++
H. J. C. Berendsen, D. van der Spoel and R. van Drunen
GROMACS: A message-passing parallel molecular dynamics implementation
Comp. Phys. Comm. 91 (1995) pp. 43-56
-------- -------- --- Thank You --- -------- --------


++++ PLEASE CITE THE DOI FOR THIS VERSION OF GROMACS ++++
https://doi.org/10.5281/zenodo.4054979
-------- -------- --- Thank You --- -------- --------

Input Parameters:
   integrator                     = md
   tinit                          = 0
   dt                             = 0.001
   nsteps                         = 125000
   init-step                      = 0
   simulation-part                = 1
   comm-mode                      = Linear
   nstcomm                        = 100
   bd-fric                        = 0
   ld-seed                        = 286753655
   emtol                          = 10
   emstep                         = 0.01
   niter                          = 20
   fcstep                         = 0
   nstcgsteep                     = 1000
   nbfgscorr                      = 10
   rtpi                           = 0.05
   nstxout                        = 0
   nstvout                        = 5000
   nstfout                        = 5000
   nstlog                         = 1000
   nstcalcenergy                  = 100
   nstenergy                      = 1000
   nstxout-compressed             = 5000
   compressed-x-precision         = 1000
   cutoff-scheme                  = Verlet
   nstlist                        = 20
   pbc                            = xyz
   periodic-molecules             = false
   verlet-buffer-tolerance        = 0.005
   rlist                          = 1.2
   coulombtype                    = PME
   coulomb-modifier               = Potential-shift
   rcoulomb-switch                = 0
   rcoulomb                       = 1.2
   epsilon-r                      = 1
   epsilon-rf                     = inf
   vdw-type                       = Cut-off
   vdw-modifier                   = Force-switch
   rvdw-switch                    = 1
   rvdw                           = 1.2
   DispCorr                       = No
   table-extension                = 1
   fourierspacing                 = 0.12
   fourier-nx                     = 42
   fourier-ny                     = 42
   fourier-nz                     = 42
   pme-order                      = 4
   ewald-rtol                     = 1e-05
   ewald-rtol-lj                  = 0.001
   lj-pme-comb-rule               = Geometric
   ewald-geometry                 = 0
   epsilon-surface                = 0
   tcoupl                         = Nose-Hoover
   nsttcouple                     = 20
   nh-chain-length                = 1
   print-nose-hoover-chain-variables = false
   pcoupl                         = No
   pcoupltype                     = Isotropic
   nstpcouple                     = -1
   tau-p                          = 1
   compressibility (3x3):
      compressibility[    0]={ 0.00000e+00,  0.00000e+00,  0.00000e+00}
      compressibility[    1]={ 0.00000e+00,  0.00000e+00,  0.00000e+00}
      compressibility[    2]={ 0.00000e+00,  0.00000e+00,  0.00000e+00}
   ref-p (3x3):
      ref-p[    0]={ 0.00000e+00,  0.00000e+00,  0.00000e+00}
      ref-p[    1]={ 0.00000e+00,  0.00000e+00,  0.00000e+00}
      ref-p[    2]={ 0.00000e+00,  0.00000e+00,  0.00000e+00}
   refcoord-scaling               = No
   posres-com (3):
      posres-com[0]= 0.00000e+00
      posres-com[1]= 0.00000e+00
      posres-com[2]= 0.00000e+00
   posres-comB (3):
      posres-comB[0]= 0.00000e+00
      posres-comB[1]= 0.00000e+00
      posres-comB[2]= 0.00000e+00
   QMMM                           = false
   QMconstraints                  = 0
   QMMMscheme                     = 0
   MMChargeScaleFactor            = 1
qm-opts:
   ngQM                           = 0
   constraint-algorithm           = Lincs
   continuation                   = false
   Shake-SOR                      = false
   shake-tol                      = 0.0001
   lincs-order                    = 4
   lincs-iter                     = 1
   lincs-warnangle                = 30
   nwall                          = 0
   wall-type                      = 9-3
   wall-r-linpot                  = -1
   wall-atomtype[0]               = -1
   wall-atomtype[1]               = -1
   wall-density[0]                = 0
   wall-density[1]                = 0
   wall-ewald-zfac                = 3
   pull                           = false
   awh                            = false
   rotation                       = false
   interactiveMD                  = false
   disre                          = No
   disre-weighting                = Conservative
   disre-mixed                    = false
   dr-fc                          = 1000
   dr-tau                         = 0
   nstdisreout                    = 100
   orire-fc                       = 0
   orire-tau                      = 0
   nstorireout                    = 100
   free-energy                    = no
   cos-acceleration               = 0
   deform (3x3):
      deform[    0]={ 0.00000e+00,  0.00000e+00,  0.00000e+00}
      deform[    1]={ 0.00000e+00,  0.00000e+00,  0.00000e+00}
      deform[    2]={ 0.00000e+00,  0.00000e+00,  0.00000e+00}
   simulated-tempering            = false
   swapcoords                     = no
   userint1                       = 0
   userint2                       = 0
   userint3                       = 0
   userint4                       = 0
   userreal1                      = 0
   userreal2                      = 0
   userreal3                      = 0
   userreal4                      = 0
   applied-forces:
     electric-field:
       x:
         E0                       = 0
         omega                    = 0
         t0                       = 0
         sigma                    = 0
       y:
         E0                       = 0
         omega                    = 0
         t0                       = 0
         sigma                    = 0
       z:
         E0                       = 0
         omega                    = 0
         t0                       = 0
         sigma                    = 0
     density-guided-simulation:
       active                     = false
       group                      = protein
       similarity-measure         = inner-product
       atom-spreading-weight      = unity
       force-constant             = 1e+09
       gaussian-transform-spreading-width = 0.2
       gaussian-transform-spreading-range-in-multiples-of-width = 4
       reference-density-filename = reference.mrc
       nst                        = 1
       normalize-densities        = true
       adaptive-force-scaling     = false
       adaptive-force-scaling-time-constant = 4
grpopts:
   nrdf:       23265
   ref-t:         300
   tau-t:           1
annealing:          No
annealing-npoints:           0
   acc:	           0           0           0
   nfreeze:           N           N           N
   energygrp-flags[  0]: 0

Changing nstlist from 20 to 100, rlist from 1.2 to 1.297


Initializing Domain Decomposition on 100 ranks
Dynamic load balancing: auto
Using update groups, nr 3885, average size 3.0 atoms, max. radius 0.078 nm
Minimum cell size due to atom displacement: 0.296 nm
Scaling the initial minimum size with 1/0.8 (option -dds) = 1.25
Guess for relative PME load: 0.20
Will use 80 particle-particle and 20 PME only ranks
This is a guess, check the performance at the end of the log file
Using 20 separate PME ranks, as guessed by mdrun
Optimizing the DD grid for 80 cells with a minimum initial size of 0.370 nm
The maximum allowed number of cells is: X 13 Y 13 Z 13
Domain decomposition grid 5 x 4 x 4, separate PME ranks 20
PME domain decomposition: 5 x 4 x 1
Interleaving PP and PME ranks
This rank does only particle-particle work.
Domain decomposition rank 0, coordinates 0 0 0

The initial number of communication pulses is: X 2 Y 2 Z 2
The initial domain decomposition cell size is: X 1.00 nm Y 1.25 nm Z 1.25 nm

When dynamic load balancing gets turned on, these settings will change to:
The maximum number of communication pulses is: X 2 Y 2 Z 2
The minimum size for domain decomposition cells is 0.727 nm
The requested allowed shrink of DD cells (option -dds) is: 0.80
The allowed shrink of domain decomposition cells is: X 0.73 Y 0.58 Z 0.58
Using two step summing over 5 groups of on average 16.0 ranks


Using 100 MPI processes

Non-default thread affinity set, disabling internal thread affinity
System total charge: 0.000
Will do PME sum in reciprocal space for electrostatic interactions.

++++ PLEASE READ AND CITE THE FOLLOWING REFERENCE ++++
U. Essmann, L. Perera, M. L. Berkowitz, T. Darden, H. Lee and L. G. Pedersen 
A smooth particle mesh Ewald method
J. Chem. Phys. 103 (1995) pp. 8577-8592
-------- -------- --- Thank You --- -------- --------

Using a Gaussian width (1/beta) of 0.384195 nm for Ewald
Potential shift: LJ r^-12: -2.648e-01 r^-6: -5.349e-01, Ewald -8.333e-06
Initialized non-bonded Ewald tables, spacing: 1.02e-03 size: 1176


Using SIMD 4x8 nonbonded short-range kernels

Using a dual 4x8 pair-list setup updated with dynamic pruning:
  outer list: updated every 100 steps, buffer 0.097 nm, rlist 1.297 nm
  inner list: updated every  23 steps, buffer 0.001 nm, rlist 1.201 nm
At tolerance 0.005 kJ/mol/ps per atom, equivalent classical 1x1 list would be:
  outer list: updated every 100 steps, buffer 0.227 nm, rlist 1.427 nm
  inner list: updated every  23 steps, buffer 0.046 nm, rlist 1.246 nm

Removing pbc first time

++++ PLEASE READ AND CITE THE FOLLOWING REFERENCE ++++
S. Miyamoto and P. A. Kollman
SETTLE: An Analytical Version of the SHAKE and RATTLE Algorithms for Rigid
Water Models
J. Comp. Chem. 13 (1992) pp. 952-962
-------- -------- --- Thank You --- -------- --------


Linking all bonded interactions to atoms


Intra-simulation communication will occur every 20 steps.
There are: 11627 Atoms
Atom distribution over 80 domains: av 145 stddev 15 min 126 max 174

Constraining the starting coordinates (step 0)

Constraining the coordinates at t0-dt (step 0)
Center of mass motion removal mode is Linear
We have the following groups for center of mass motion removal:
  0:  SOLV
RMS relative constraint deviation after constraining: 0.00e+00
Initial temperature: 301.014 K

Started mdrun on rank 0 Tue Oct 11 19:28:45 2022

           Step           Time
              0        0.00000

   Energies (kJ/mol)
        LJ (SR)   Coulomb (SR)   Coul. recip.      Potential    Kinetic En.
    2.67762e+04   -2.14075e+05    6.54327e+02   -1.86644e+05    2.91128e+04
   Total Energy  Conserved En.    Temperature Pressure (bar)
   -1.57531e+05   -1.57531e+05    3.01008e+02   -1.11047e+03


DD  step 99 load imb.: force 28.6%  pme mesh/force 4.487

DD  step 999 load imb.: force 38.1%  pme mesh/force 1.040
           Step           Time
           1000        1.00000

   Energies (kJ/mol)
        LJ (SR)   Coulomb (SR)   Coul. recip.      Potential    Kinetic En.
    1.76498e+04   -1.86256e+05    4.81875e+02   -1.68124e+05    2.28472e+04
   Total Energy  Conserved En.    Temperature Pressure (bar)
   -1.45277e+05   -1.55954e+05    2.36225e+02   -2.21459e+03


DD  step 1999 load imb.: force 26.0%  pme mesh/force 1.091
           Step           Time
           2000        2.00000

   Energies (kJ/mol)
        LJ (SR)   Coulomb (SR)   Coul. recip.      Potential    Kinetic En.
    1.68744e+04   -1.80460e+05    5.23705e+02   -1.63062e+05    2.64842e+04
   Total Energy  Conserved En.    Temperature Pressure (bar)
   -1.36578e+05   -1.55546e+05    2.73829e+02   -1.63522e+03


DD  step 2999 load imb.: force 30.7%  pme mesh/force 1.128
           Step           Time
           3000        3.00000

   Energies (kJ/mol)
        LJ (SR)   Coulomb (SR)   Coul. recip.      Potential    Kinetic En.
    1.75388e+04   -1.78441e+05    6.26524e+02   -1.60276e+05    2.92177e+04
   Total Energy  Conserved En.    Temperature Pressure (bar)
   -1.31058e+05   -1.55297e+05    3.02091e+02   -8.08554e+02


DD  step 3999 load imb.: force 28.1%  pme mesh/force 1.153
           Step           Time
           4000        4.00000

   Energies (kJ/mol)
        LJ (SR)   Coulomb (SR)   Coul. recip.      Potential    Kinetic En.
    1.65063e+04   -1.76836e+05    5.95536e+02   -1.59734e+05    2.96966e+04
   Total Energy  Conserved En.    Temperature Pressure (bar)
   -1.30038e+05   -1.55077e+05    3.07043e+02   -1.22901e+03


DD  step 4999 load imb.: force 19.4%  pme mesh/force 1.241
           Step           Time
           5000        5.00000

   Energies (kJ/mol)
        LJ (SR)   Coulomb (SR)   Coul. recip.      Potential    Kinetic En.
    1.67773e+04   -1.78087e+05    5.52052e+02   -1.60758e+05    2.91496e+04
   Total Energy  Conserved En.    Temperature Pressure (bar)
   -1.31608e+05   -1.54966e+05    3.01388e+02   -1.27341e+03


DD  step 5999 load imb.: force 25.0%  pme mesh/force 1.168
           Step           Time
           6000        6.00000

   Energies (kJ/mol)
        LJ (SR)   Coulomb (SR)   Coul. recip.      Potential    Kinetic En.
    1.69493e+04   -1.77966e+05    5.88042e+02   -1.60428e+05    2.92960e+04
   Total Energy  Conserved En.    Temperature Pressure (bar)
   -1.31132e+05   -1.54973e+05    3.02902e+02   -1.08876e+03


DD  step 6999 load imb.: force 19.7%  pme mesh/force 1.206
           Step           Time
           7000        7.00000

   Energies (kJ/mol)
        LJ (SR)   Coulomb (SR)   Coul. recip.      Potential    Kinetic En.
    1.71665e+04   -1.78180e+05    5.83000e+02   -1.60430e+05    2.92407e+04
   Total Energy  Conserved En.    Temperature Pressure (bar)
   -1.31190e+05   -1.54978e+05    3.02330e+02   -9.35759e+02


DD  step 7999 load imb.: force 24.5%  pme mesh/force 1.168
           Step           Time
           8000        8.00000

   Energies (kJ/mol)
        LJ (SR)   Coulomb (SR)   Coul. recip.      Potential    Kinetic En.
    1.70094e+04   -1.78637e+05    5.86976e+02   -1.61040e+05    2.87895e+04
   Total Energy  Conserved En.    Temperature Pressure (bar)
   -1.32251e+05   -1.55017e+05    2.97665e+02   -1.18005e+03


DD  step 8999 load imb.: force 16.1%  pme mesh/force 1.255
           Step           Time
           9000        9.00000

   Energies (kJ/mol)
        LJ (SR)   Coulomb (SR)   Coul. recip.      Potential    Kinetic En.
    1.75120e+04   -1.78987e+05    5.77668e+02   -1.60897e+05    2.85127e+04
   Total Energy  Conserved En.    Temperature Pressure (bar)
   -1.32385e+05   -1.55023e+05    2.94803e+02   -9.26753e+02


DD  step 9999 load imb.: force 33.9%  pme mesh/force 1.107
           Step           Time
          10000       10.00000

   Energies (kJ/mol)
        LJ (SR)   Coulomb (SR)   Coul. recip.      Potential    Kinetic En.
    1.70164e+04   -1.78753e+05    6.13384e+02   -1.61124e+05    2.89874e+04
   Total Energy  Conserved En.    Temperature Pressure (bar)
   -1.32136e+05   -1.55049e+05    2.99711e+02   -1.18220e+03


DD  step 10999 load imb.: force 22.9%  pme mesh/force 1.200
           Step           Time
          11000       11.00000

   Energies (kJ/mol)
        LJ (SR)   Coulomb (SR)   Coul. recip.      Potential    Kinetic En.
    1.65676e+04   -1.77534e+05    6.08536e+02   -1.60358e+05    2.91349e+04
   Total Energy  Conserved En.    Temperature Pressure (bar)
   -1.31223e+05   -1.55022e+05    3.01235e+02   -1.25343e+03


DD  step 11999 load imb.: force 18.6%  pme mesh/force 1.242
           Step           Time
          12000       12.00000

   Energies (kJ/mol)
        LJ (SR)   Coulomb (SR)   Coul. recip.      Potential    Kinetic En.
    1.74675e+04   -1.78905e+05    5.89022e+02   -1.60849e+05    2.90548e+04
   Total Energy  Conserved En.    Temperature Pressure (bar)
   -1.31794e+05   -1.54959e+05    3.00408e+02   -9.17497e+02


DD  step 12999 load imb.: force 29.4%  pme mesh/force 1.135
           Step           Time
          13000       13.00000

   Energies (kJ/mol)
        LJ (SR)   Coulomb (SR)   Coul. recip.      Potential    Kinetic En.
    1.73331e+04   -1.78552e+05    6.04103e+02   -1.60615e+05    2.88443e+04
   Total Energy  Conserved En.    Temperature Pressure (bar)
   -1.31770e+05   -1.54961e+05    2.98231e+02   -9.31277e+02


DD  step 13999 load imb.: force 32.5%  pme mesh/force 1.112
           Step           Time
          14000       14.00000

   Energies (kJ/mol)
        LJ (SR)   Coulomb (SR)   Coul. recip.      Potential    Kinetic En.
    1.76142e+04   -1.79672e+05    5.83909e+02   -1.61474e+05    2.90390e+04
   Total Energy  Conserved En.    Temperature Pressure (bar)
   -1.32435e+05   -1.54940e+05    3.00244e+02   -9.70147e+02


DD  step 14999 load imb.: force 33.9%  pme mesh/force 1.092
           Step           Time
          15000       15.00000

   Energies (kJ/mol)
        LJ (SR)   Coulomb (SR)   Coul. recip.      Potential    Kinetic En.
    1.76688e+04   -1.79398e+05    5.43266e+02   -1.61186e+05    2.88708e+04
   Total Energy  Conserved En.    Temperature Pressure (bar)
   -1.32316e+05   -1.54970e+05    2.98505e+02   -8.58255e+02


DD  step 15999 load imb.: force 28.3%  pme mesh/force 1.145
           Step           Time
          16000       16.00000

   Energies (kJ/mol)
        LJ (SR)   Coulomb (SR)   Coul. recip.      Potential    Kinetic En.
    1.69926e+04   -1.78332e+05    5.75344e+02   -1.60764e+05    2.92359e+04
   Total Energy  Conserved En.    Temperature Pressure (bar)
   -1.31528e+05   -1.54951e+05    3.02279e+02   -1.14751e+03


DD  step 16999 load imb.: force 32.3%  pme mesh/force 1.087
           Step           Time
          17000       17.00000

   Energies (kJ/mol)
        LJ (SR)   Coulomb (SR)   Coul. recip.      Potential    Kinetic En.
    1.71849e+04   -1.78352e+05    5.89433e+02   -1.60577e+05    2.91758e+04
   Total Energy  Conserved En.    Temperature Pressure (bar)
   -1.31402e+05   -1.54946e+05    3.01659e+02   -9.54339e+02

step 17200: timed with pme grid 42 42 42, coulomb cutoff 1.200: 63.1 M-cycles
step 17400: timed with pme grid 36 36 36, coulomb cutoff 1.389: 74.6 M-cycles
step 17600: timed with pme grid 40 40 40, coulomb cutoff 1.250: 58.0 M-cycles
step 17800: timed with pme grid 42 42 42, coulomb cutoff 1.200: 63.1 M-cycles
              optimal pme grid 40 40 40, coulomb cutoff 1.250

DD  step 17999 load imb.: force 15.8%  pme mesh/force 1.038
           Step           Time
          18000       18.00000

   Energies (kJ/mol)
        LJ (SR)   Coulomb (SR)   Coul. recip.      Potential    Kinetic En.
    1.74612e+04   -1.78952e+05    5.06758e+02   -1.60984e+05    2.90289e+04
   Total Energy  Conserved En.    Temperature Pressure (bar)
   -1.31955e+05   -1.54921e+05    3.00140e+02   -9.06939e+02


DD  step 18999 load imb.: force 17.7%  pme mesh/force 1.094
           Step           Time
          19000       19.00000

   Energies (kJ/mol)
        LJ (SR)   Coulomb (SR)   Coul. recip.      Potential    Kinetic En.
    1.76266e+04   -1.79497e+05    5.00898e+02   -1.61369e+05    2.94031e+04
   Total Energy  Conserved En.    Temperature Pressure (bar)
   -1.31966e+05   -1.54974e+05    3.04009e+02   -9.16990e+02


DD  step 19999 load imb.: force 16.4%  pme mesh/force 1.041
           Step           Time
          20000       20.00000

   Energies (kJ/mol)
        LJ (SR)   Coulomb (SR)   Coul. recip.      Potential    Kinetic En.
    1.69862e+04   -1.77723e+05    5.29405e+02   -1.60207e+05    2.87418e+04
   Total Energy  Conserved En.    Temperature Pressure (bar)
   -1.31465e+05   -1.54989e+05    2.97172e+02   -1.03292e+03


DD  step 20999 load imb.: force 16.7%  pme mesh/force 1.036
           Step           Time
          21000       21.00000

   Energies (kJ/mol)
        LJ (SR)   Coulomb (SR)   Coul. recip.      Potential    Kinetic En.
    1.67833e+04   -1.77989e+05    5.30385e+02   -1.60676e+05    2.89611e+04
   Total Energy  Conserved En.    Temperature Pressure (bar)
   -1.31715e+05   -1.54936e+05    2.99439e+02   -1.23191e+03


DD  step 21999 load imb.: force 20.1%  pme mesh/force 1.019
           Step           Time
          22000       22.00000

   Energies (kJ/mol)
        LJ (SR)   Coulomb (SR)   Coul. recip.      Potential    Kinetic En.
    1.72285e+04   -1.79460e+05    5.09489e+02   -1.61722e+05    2.92182e+04
   Total Energy  Conserved En.    Temperature Pressure (bar)
   -1.32504e+05   -1.54960e+05    3.02097e+02   -1.19145e+03


DD  step 22999 load imb.: force 17.3%  pme mesh/force 1.039
           Step           Time
          23000       23.00000

   Energies (kJ/mol)
        LJ (SR)   Coulomb (SR)   Coul. recip.      Potential    Kinetic En.
    1.67698e+04   -1.78320e+05    4.83990e+02   -1.61066e+05    2.89357e+04
   Total Energy  Conserved En.    Temperature Pressure (bar)
   -1.32130e+05   -1.54922e+05    2.99176e+02   -1.28585e+03


DD  step 23999 load imb.: force 13.3%  pme mesh/force 1.060
           Step           Time
          24000       24.00000

   Energies (kJ/mol)
        LJ (SR)   Coulomb (SR)   Coul. recip.      Potential    Kinetic En.
    1.75140e+04   -1.78861e+05    4.85238e+02   -1.60862e+05    2.89999e+04
   Total Energy  Conserved En.    Temperature Pressure (bar)
   -1.31862e+05   -1.54935e+05    2.99840e+02   -8.73011e+02


DD  step 24999 load imb.: force 14.6%  pme mesh/force 1.059
           Step           Time
          25000       25.00000

   Energies (kJ/mol)
        LJ (SR)   Coulomb (SR)   Coul. recip.      Potential    Kinetic En.
    1.72096e+04   -1.79019e+05    5.12757e+02   -1.61297e+05    2.83739e+04
   Total Energy  Conserved En.    Temperature Pressure (bar)
   -1.32923e+05   -1.54930e+05    2.93367e+02   -1.10880e+03


DD  step 25999 load imb.: force 12.4%  pme mesh/force 1.073
           Step           Time
          26000       26.00000

   Energies (kJ/mol)
        LJ (SR)   Coulomb (SR)   Coul. recip.      Potential    Kinetic En.
    1.67057e+04   -1.78721e+05    5.03427e+02   -1.61512e+05    2.92244e+04
   Total Energy  Conserved En.    Temperature Pressure (bar)
   -1.32287e+05   -1.54930e+05    3.02161e+02   -1.39410e+03


DD  step 26999 load imb.: force 13.2%  pme mesh/force 1.066
           Step           Time
          27000       27.00000

   Energies (kJ/mol)
        LJ (SR)   Coulomb (SR)   Coul. recip.      Potential    Kinetic En.
    1.65799e+04   -1.77454e+05    5.16436e+02   -1.60358e+05    2.81601e+04
   Total Energy  Conserved En.    Temperature Pressure (bar)
   -1.32197e+05   -1.54913e+05    2.91157e+02   -1.28746e+03


DD  step 27999 load imb.: force 15.8%  pme mesh/force 1.071
           Step           Time
          28000       28.00000

   Energies (kJ/mol)
        LJ (SR)   Coulomb (SR)   Coul. recip.      Potential    Kinetic En.
    1.66940e+04   -1.77874e+05    4.92970e+02   -1.60687e+05    2.84391e+04
   Total Energy  Conserved En.    Temperature Pressure (bar)
   -1.32248e+05   -1.54939e+05    2.94042e+02   -1.27023e+03


DD  step 28999 load imb.: force 17.2%  pme mesh/force 1.043
           Step           Time
          29000       29.00000

   Energies (kJ/mol)
        LJ (SR)   Coulomb (SR)   Coul. recip.      Potential    Kinetic En.
    1.71733e+04   -1.78821e+05    5.08113e+02   -1.61139e+05    2.87783e+04
   Total Energy  Conserved En.    Temperature Pressure (bar)
   -1.32361e+05   -1.54943e+05    2.97549e+02   -1.05075e+03


DD  step 29999 load imb.: force 17.5%  pme mesh/force 1.021
           Step           Time
          30000       30.00000

   Energies (kJ/mol)
        LJ (SR)   Coulomb (SR)   Coul. recip.      Potential    Kinetic En.
    1.66967e+04   -1.78434e+05    4.74602e+02   -1.61262e+05    2.88911e+04
   Total Energy  Conserved En.    Temperature Pressure (bar)
   -1.32371e+05   -1.54927e+05    2.98715e+02   -1.30361e+03


DD  step 30999 load imb.: force 17.6%  pme mesh/force 1.036
           Step           Time
          31000       31.00000

   Energies (kJ/mol)
        LJ (SR)   Coulomb (SR)   Coul. recip.      Potential    Kinetic En.
    1.69314e+04   -1.78622e+05    4.77027e+02   -1.61214e+05    2.89950e+04
   Total Energy  Conserved En.    Temperature Pressure (bar)
   -1.32219e+05   -1.54918e+05    2.99789e+02   -1.21086e+03


DD  step 31999 load imb.: force 11.8%  pme mesh/force 1.162
           Step           Time
          32000       32.00000

   Energies (kJ/mol)
        LJ (SR)   Coulomb (SR)   Coul. recip.      Potential    Kinetic En.
    1.70687e+04   -1.78274e+05    5.15110e+02   -1.60691e+05    2.91681e+04
   Total Energy  Conserved En.    Temperature Pressure (bar)
   -1.31522e+05   -1.54906e+05    3.01579e+02   -1.04316e+03


DD  step 32999 load imb.: force 11.6%  pme mesh/force 1.072
           Step           Time
          33000       33.00000

   Energies (kJ/mol)
        LJ (SR)   Coulomb (SR)   Coul. recip.      Potential    Kinetic En.
    1.69328e+04   -1.78526e+05    5.45027e+02   -1.61048e+05    2.91334e+04
   Total Energy  Conserved En.    Temperature Pressure (bar)
   -1.31914e+05   -1.54891e+05    3.01220e+02   -1.17055e+03


DD  step 33999 load imb.: force 14.0%  pme mesh/force 1.054
           Step           Time
          34000       34.00000

   Energies (kJ/mol)
        LJ (SR)   Coulomb (SR)   Coul. recip.      Potential    Kinetic En.
    1.74510e+04   -1.79169e+05    5.09112e+02   -1.61209e+05    2.89605e+04
   Total Energy  Conserved En.    Temperature Pressure (bar)
   -1.32248e+05   -1.54931e+05    2.99432e+02   -9.77483e+02


DD  step 34999 load imb.: force 14.0%  pme mesh/force 1.064
           Step           Time
          35000       35.00000

   Energies (kJ/mol)
        LJ (SR)   Coulomb (SR)   Coul. recip.      Potential    Kinetic En.
    1.75260e+04   -1.79005e+05    5.19818e+02   -1.60960e+05    2.94520e+04
   Total Energy  Conserved En.    Temperature Pressure (bar)
   -1.31508e+05   -1.54945e+05    3.04514e+02   -8.15686e+02


DD  step 35999 load imb.: force 11.0%  pme mesh/force 1.076
           Step           Time
          36000       36.00000

   Energies (kJ/mol)
        LJ (SR)   Coulomb (SR)   Coul. recip.      Potential    Kinetic En.
    1.66562e+04   -1.77962e+05    4.90615e+02   -1.60815e+05    2.93197e+04
   Total Energy  Conserved En.    Temperature Pressure (bar)
   -1.31496e+05   -1.54934e+05    3.03146e+02   -1.30115e+03


DD  step 36999 load imb.: force 15.5%  pme mesh/force 1.062
           Step           Time
          37000       37.00000

   Energies (kJ/mol)
        LJ (SR)   Coulomb (SR)   Coul. recip.      Potential    Kinetic En.
    1.72738e+04   -1.78269e+05    5.20338e+02   -1.60475e+05    2.88379e+04
   Total Energy  Conserved En.    Temperature Pressure (bar)
   -1.31637e+05   -1.54948e+05    2.98164e+02   -9.06315e+02


DD  step 37999 load imb.: force  9.9%  pme mesh/force 1.101
           Step           Time
          38000       38.00000

   Energies (kJ/mol)
        LJ (SR)   Coulomb (SR)   Coul. recip.      Potential    Kinetic En.
    1.72719e+04   -1.79414e+05    4.86460e+02   -1.61655e+05    2.88149e+04
   Total Energy  Conserved En.    Temperature Pressure (bar)
   -1.32840e+05   -1.54939e+05    2.97927e+02   -1.11599e+03


DD  step 38999 load imb.: force 12.9%  pme mesh/force 1.084
           Step           Time
          39000       39.00000

   Energies (kJ/mol)
        LJ (SR)   Coulomb (SR)   Coul. recip.      Potential    Kinetic En.
    1.65642e+04   -1.78164e+05    4.69447e+02   -1.61130e+05    2.90363e+04
   Total Energy  Conserved En.    Temperature Pressure (bar)
   -1.32094e+05   -1.54937e+05    3.00216e+02   -1.40161e+03


DD  step 39999 load imb.: force 14.9%  pme mesh/force 1.034
           Step           Time
          40000       40.00000

   Energies (kJ/mol)
        LJ (SR)   Coulomb (SR)   Coul. recip.      Potential    Kinetic En.
    1.74478e+04   -1.79265e+05    4.70453e+02   -1.61346e+05    2.94100e+04
   Total Energy  Conserved En.    Temperature Pressure (bar)
   -1.31936e+05   -1.54935e+05    3.04080e+02   -9.79021e+02


DD  step 40999 load imb.: force 18.5%  pme mesh/force 1.034
           Step           Time
          41000       41.00000

   Energies (kJ/mol)
        LJ (SR)   Coulomb (SR)   Coul. recip.      Potential    Kinetic En.
    1.70529e+04   -1.78434e+05    4.77145e+02   -1.60904e+05    2.94000e+04
   Total Energy  Conserved En.    Temperature Pressure (bar)
   -1.31504e+05   -1.54888e+05    3.03976e+02   -1.07822e+03


DD  step 41999 load imb.: force 15.6%  pme mesh/force 1.035
           Step           Time
          42000       42.00000

   Energies (kJ/mol)
        LJ (SR)   Coulomb (SR)   Coul. recip.      Potential    Kinetic En.
    1.69015e+04   -1.78824e+05    4.92024e+02   -1.61431e+05    2.88428e+04
   Total Energy  Conserved En.    Temperature Pressure (bar)
   -1.32588e+05   -1.54896e+05    2.98215e+02   -1.21901e+03


DD  step 42999 load imb.: force 13.5%  pme mesh/force 1.083
           Step           Time
          43000       43.00000

   Energies (kJ/mol)
        LJ (SR)   Coulomb (SR)   Coul. recip.      Potential    Kinetic En.
    1.67279e+04   -1.78072e+05    4.71249e+02   -1.60873e+05    2.86698e+04
   Total Energy  Conserved En.    Temperature Pressure (bar)
   -1.32203e+05   -1.54932e+05    2.96426e+02   -1.27816e+03


DD  step 43999 load imb.: force 13.1%  pme mesh/force 1.068
           Step           Time
          44000       44.00000

   Energies (kJ/mol)
        LJ (SR)   Coulomb (SR)   Coul. recip.      Potential    Kinetic En.
    1.67107e+04   -1.78503e+05    5.01662e+02   -1.61290e+05    2.89683e+04
   Total Energy  Conserved En.    Temperature Pressure (bar)
   -1.32322e+05   -1.54918e+05    2.99513e+02   -1.33960e+03


DD  step 44999 load imb.: force 13.4%  pme mesh/force 1.082
           Step           Time
          45000       45.00000

   Energies (kJ/mol)
        LJ (SR)   Coulomb (SR)   Coul. recip.      Potential    Kinetic En.
    1.71174e+04   -1.79341e+05    4.60368e+02   -1.61763e+05    2.87479e+04
   Total Energy  Conserved En.    Temperature Pressure (bar)
   -1.33015e+05   -1.54921e+05    2.97234e+02   -1.19602e+03


DD  step 45999 load imb.: force 18.0%  pme mesh/force 1.036
           Step           Time
          46000       46.00000

   Energies (kJ/mol)
        LJ (SR)   Coulomb (SR)   Coul. recip.      Potential    Kinetic En.
    1.72982e+04   -1.78726e+05    5.02456e+02   -1.60925e+05    2.84535e+04
   Total Energy  Conserved En.    Temperature Pressure (bar)
   -1.32472e+05   -1.54932e+05    2.94191e+02   -1.03056e+03


DD  step 46999 load imb.: force  8.5%  pme mesh/force 1.134
           Step           Time
          47000       47.00000

   Energies (kJ/mol)
        LJ (SR)   Coulomb (SR)   Coul. recip.      Potential    Kinetic En.
    1.69716e+04   -1.77990e+05    5.06626e+02   -1.60512e+05    2.89455e+04
   Total Energy  Conserved En.    Temperature Pressure (bar)
   -1.31566e+05   -1.54884e+05    2.99277e+02   -1.06834e+03


DD  step 47999 load imb.: force 16.4%  pme mesh/force 1.041
           Step           Time
          48000       48.00000

   Energies (kJ/mol)
        LJ (SR)   Coulomb (SR)   Coul. recip.      Potential    Kinetic En.
    1.69709e+04   -1.78258e+05    4.64757e+02   -1.60823e+05    2.92739e+04
   Total Energy  Conserved En.    Temperature Pressure (bar)
   -1.31549e+05   -1.54902e+05    3.02673e+02   -1.11310e+03


DD  step 48999 load imb.: force 12.3%  pme mesh/force 1.099
           Step           Time
          49000       49.00000

   Energies (kJ/mol)
        LJ (SR)   Coulomb (SR)   Coul. recip.      Potential    Kinetic En.
    1.69639e+04   -1.78204e+05    5.02250e+02   -1.60738e+05    2.90430e+04
   Total Energy  Conserved En.    Temperature Pressure (bar)
   -1.31695e+05   -1.54913e+05    3.00285e+02   -1.12641e+03


DD  step 49999 load imb.: force 16.9%  pme mesh/force 1.036
           Step           Time
          50000       50.00000

   Energies (kJ/mol)
        LJ (SR)   Coulomb (SR)   Coul. recip.      Potential    Kinetic En.
    1.68241e+04   -1.78093e+05    4.95462e+02   -1.60773e+05    2.92702e+04
   Total Energy  Conserved En.    Temperature Pressure (bar)
   -1.31503e+05   -1.54878e+05    3.02635e+02   -1.18274e+03


DD  step 50999 load imb.: force 17.0%  pme mesh/force 1.021
           Step           Time
          51000       51.00000

   Energies (kJ/mol)
        LJ (SR)   Coulomb (SR)   Coul. recip.      Potential    Kinetic En.
    1.70315e+04   -1.78434e+05    4.97775e+02   -1.60905e+05    2.94005e+04
   Total Energy  Conserved En.    Temperature Pressure (bar)
   -1.31504e+05   -1.54892e+05    3.03981e+02   -1.11310e+03


DD  step 51999 load imb.: force 15.3%  pme mesh/force 1.035
           Step           Time
          52000       52.00000

   Energies (kJ/mol)
        LJ (SR)   Coulomb (SR)   Coul. recip.      Potential    Kinetic En.
    1.67123e+04   -1.78432e+05    5.07013e+02   -1.61212e+05    2.88269e+04
   Total Energy  Conserved En.    Temperature Pressure (bar)
   -1.32386e+05   -1.54875e+05    2.98052e+02   -1.29628e+03


DD  step 52999 load imb.: force 17.6%  pme mesh/force 1.038
           Step           Time
          53000       53.00000

   Energies (kJ/mol)
        LJ (SR)   Coulomb (SR)   Coul. recip.      Potential    Kinetic En.
    1.72229e+04   -1.78765e+05    4.66836e+02   -1.61075e+05    2.92067e+04
   Total Energy  Conserved En.    Temperature Pressure (bar)
   -1.31869e+05   -1.54889e+05    3.01978e+02   -1.07546e+03


DD  step 53999 load imb.: force 16.3%  pme mesh/force 1.037
           Step           Time
          54000       54.00000

   Energies (kJ/mol)
        LJ (SR)   Coulomb (SR)   Coul. recip.      Potential    Kinetic En.
    1.70788e+04   -1.78933e+05    4.99882e+02   -1.61354e+05    2.88169e+04
   Total Energy  Conserved En.    Temperature Pressure (bar)
   -1.32537e+05   -1.54905e+05    2.97948e+02   -1.14941e+03


DD  step 54999 load imb.: force 13.6%  pme mesh/force 1.028
           Step           Time
          55000       55.00000

   Energies (kJ/mol)
        LJ (SR)   Coulomb (SR)   Coul. recip.      Potential    Kinetic En.
    1.67009e+04   -1.77803e+05    4.81398e+02   -1.60620e+05    2.92908e+04
   Total Energy  Conserved En.    Temperature Pressure (bar)
   -1.31330e+05   -1.54895e+05    3.02848e+02   -1.22910e+03


DD  step 55999 load imb.: force 12.8%  pme mesh/force 1.061
           Step           Time
          56000       56.00000

   Energies (kJ/mol)
        LJ (SR)   Coulomb (SR)   Coul. recip.      Potential    Kinetic En.
    1.68184e+04   -1.78433e+05    4.86874e+02   -1.61128e+05    2.88994e+04
   Total Energy  Conserved En.    Temperature Pressure (bar)
   -1.32228e+05   -1.54884e+05    2.98801e+02   -1.24265e+03


DD  step 56999 load imb.: force 14.6%  pme mesh/force 1.040
           Step           Time
          57000       57.00000

   Energies (kJ/mol)
        LJ (SR)   Coulomb (SR)   Coul. recip.      Potential    Kinetic En.
    1.74165e+04   -1.78937e+05    4.98975e+02   -1.61021e+05    2.89556e+04
   Total Energy  Conserved En.    Temperature Pressure (bar)
   -1.32066e+05   -1.54898e+05    2.99381e+02   -9.11935e+02


DD  step 57999 load imb.: force 17.4%  pme mesh/force 1.030
           Step           Time
          58000       58.00000

   Energies (kJ/mol)
        LJ (SR)   Coulomb (SR)   Coul. recip.      Potential    Kinetic En.
    1.71143e+04   -1.78917e+05    5.05161e+02   -1.61298e+05    2.87417e+04
   Total Energy  Conserved En.    Temperature Pressure (bar)
   -1.32556e+05   -1.54892e+05    2.97170e+02   -1.15048e+03


DD  step 58999 load imb.: force 12.5%  pme mesh/force 1.084
           Step           Time
          59000       59.00000

   Energies (kJ/mol)
        LJ (SR)   Coulomb (SR)   Coul. recip.      Potential    Kinetic En.
    1.68987e+04   -1.78667e+05    4.65771e+02   -1.61303e+05    2.87492e+04
   Total Energy  Conserved En.    Temperature Pressure (bar)
   -1.32554e+05   -1.54871e+05    2.97248e+02   -1.25401e+03


DD  step 59999 load imb.: force 10.1%  pme mesh/force 1.121
           Step           Time
          60000       60.00000

   Energies (kJ/mol)
        LJ (SR)   Coulomb (SR)   Coul. recip.      Potential    Kinetic En.
    1.69185e+04   -1.78334e+05    4.78582e+02   -1.60937e+05    2.87841e+04
   Total Energy  Conserved En.    Temperature Pressure (bar)
   -1.32153e+05   -1.54865e+05    2.97609e+02   -1.19342e+03


DD  step 60999 load imb.: force 13.2%  pme mesh/force 1.074
           Step           Time
          61000       61.00000

   Energies (kJ/mol)
        LJ (SR)   Coulomb (SR)   Coul. recip.      Potential    Kinetic En.
    1.69742e+04   -1.78358e+05    5.04597e+02   -1.60879e+05    2.87134e+04
   Total Energy  Conserved En.    Temperature Pressure (bar)
   -1.32166e+05   -1.54878e+05    2.96878e+02   -1.16944e+03


DD  step 61999 load imb.: force 15.5%  pme mesh/force 1.039
           Step           Time
          62000       62.00000

   Energies (kJ/mol)
        LJ (SR)   Coulomb (SR)   Coul. recip.      Potential    Kinetic En.
    1.65508e+04   -1.78123e+05    5.02873e+02   -1.61069e+05    2.88527e+04
   Total Energy  Conserved En.    Temperature Pressure (bar)
   -1.32216e+05   -1.54846e+05    2.98318e+02   -1.42041e+03


DD  step 62999 load imb.: force 11.1%  pme mesh/force 1.076
           Step           Time
          63000       63.00000

   Energies (kJ/mol)
        LJ (SR)   Coulomb (SR)   Coul. recip.      Potential    Kinetic En.
    1.70139e+04   -1.77826e+05    5.08657e+02   -1.60304e+05    2.86530e+04
   Total Energy  Conserved En.    Temperature Pressure (bar)
   -1.31651e+05   -1.54857e+05    2.96253e+02   -1.10558e+03


DD  step 63999 load imb.: force 13.8%  pme mesh/force 1.055
           Step           Time
          64000       64.00000

   Energies (kJ/mol)
        LJ (SR)   Coulomb (SR)   Coul. recip.      Potential    Kinetic En.
    1.70802e+04   -1.78458e+05    5.12472e+02   -1.60866e+05    2.85468e+04
   Total Energy  Conserved En.    Temperature Pressure (bar)
   -1.32319e+05   -1.54867e+05    2.95155e+02   -1.13272e+03


DD  step 64999 load imb.: force 12.0%  pme mesh/force 1.081
           Step           Time
          65000       65.00000

   Energies (kJ/mol)
        LJ (SR)   Coulomb (SR)   Coul. recip.      Potential    Kinetic En.
    1.71288e+04   -1.78118e+05    4.85841e+02   -1.60503e+05    2.92228e+04
   Total Energy  Conserved En.    Temperature Pressure (bar)
   -1.31280e+05   -1.54881e+05    3.02145e+02   -9.80942e+02


DD  step 65999 load imb.: force 17.2%  pme mesh/force 1.033
           Step           Time
          66000       66.00000

   Energies (kJ/mol)
        LJ (SR)   Coulomb (SR)   Coul. recip.      Potential    Kinetic En.
    1.73121e+04   -1.78858e+05    4.81973e+02   -1.61064e+05    2.92445e+04
   Total Energy  Conserved En.    Temperature Pressure (bar)
   -1.31819e+05   -1.54825e+05    3.02369e+02   -1.01888e+03


DD  step 66999 load imb.: force 17.4%  pme mesh/force 1.023
           Step           Time
          67000       67.00000

   Energies (kJ/mol)
        LJ (SR)   Coulomb (SR)   Coul. recip.      Potential    Kinetic En.
    1.70686e+04   -1.78363e+05    5.38891e+02   -1.60756e+05    2.91011e+04
   Total Energy  Conserved En.    Temperature Pressure (bar)
   -1.31655e+05   -1.54838e+05    3.00886e+02   -1.11665e+03


DD  step 67999 load imb.: force 17.6%  pme mesh/force 1.031
           Step           Time
          68000       68.00000

   Energies (kJ/mol)
        LJ (SR)   Coulomb (SR)   Coul. recip.      Potential    Kinetic En.
    1.69914e+04   -1.78354e+05    4.94699e+02   -1.60868e+05    2.89594e+04
   Total Energy  Conserved En.    Temperature Pressure (bar)
   -1.31909e+05   -1.54820e+05    2.99421e+02   -1.15196e+03


DD  step 68999 load imb.: force 11.4%  pme mesh/force 1.083
           Step           Time
          69000       69.00000

   Energies (kJ/mol)
        LJ (SR)   Coulomb (SR)   Coul. recip.      Potential    Kinetic En.
    1.74266e+04   -1.79456e+05    5.10770e+02   -1.61519e+05    2.83796e+04
   Total Energy  Conserved En.    Temperature Pressure (bar)
   -1.33139e+05   -1.54880e+05    2.93426e+02   -1.01531e+03


DD  step 69999 load imb.: force 12.5%  pme mesh/force 1.074
           Step           Time
          70000       70.00000

   Energies (kJ/mol)
        LJ (SR)   Coulomb (SR)   Coul. recip.      Potential    Kinetic En.
    1.68084e+04   -1.78572e+05    5.04583e+02   -1.61259e+05    2.86461e+04
   Total Energy  Conserved En.    Temperature Pressure (bar)
   -1.32613e+05   -1.54866e+05    2.96182e+02   -1.35799e+03


DD  step 70999 load imb.: force 12.8%  pme mesh/force 1.133
           Step           Time
          71000       71.00000

   Energies (kJ/mol)
        LJ (SR)   Coulomb (SR)   Coul. recip.      Potential    Kinetic En.
    1.71138e+04   -1.78535e+05    5.43743e+02   -1.60877e+05    2.94191e+04
   Total Energy  Conserved En.    Temperature Pressure (bar)
   -1.31458e+05   -1.54834e+05    3.04174e+02   -1.04129e+03


DD  step 71999 load imb.: force 14.5%  pme mesh/force 1.050
           Step           Time
          72000       72.00000

   Energies (kJ/mol)
        LJ (SR)   Coulomb (SR)   Coul. recip.      Potential    Kinetic En.
    1.68570e+04   -1.78109e+05    5.11600e+02   -1.60740e+05    2.91039e+04
   Total Energy  Conserved En.    Temperature Pressure (bar)
   -1.31636e+05   -1.54846e+05    3.00915e+02   -1.21069e+03


DD  step 72999 load imb.: force 13.1%  pme mesh/force 1.048
           Step           Time
          73000       73.00000

   Energies (kJ/mol)
        LJ (SR)   Coulomb (SR)   Coul. recip.      Potential    Kinetic En.
    1.64347e+04   -1.78105e+05    4.99108e+02   -1.61171e+05    2.89381e+04
   Total Energy  Conserved En.    Temperature Pressure (bar)
   -1.32233e+05   -1.54829e+05    2.99200e+02   -1.50579e+03


DD  step 73999 load imb.: force 18.2%  pme mesh/force 1.026
           Step           Time
          74000       74.00000

   Energies (kJ/mol)
        LJ (SR)   Coulomb (SR)   Coul. recip.      Potential    Kinetic En.
    1.65177e+04   -1.78292e+05    5.17633e+02   -1.61257e+05    2.88740e+04
   Total Energy  Conserved En.    Temperature Pressure (bar)
   -1.32383e+05   -1.54848e+05    2.98538e+02   -1.40468e+03


DD  step 74999 load imb.: force 11.0%  pme mesh/force 1.077
           Step           Time
          75000       75.00000

   Energies (kJ/mol)
        LJ (SR)   Coulomb (SR)   Coul. recip.      Potential    Kinetic En.
    1.67424e+04   -1.78912e+05    4.93988e+02   -1.61675e+05    2.86287e+04
   Total Energy  Conserved En.    Temperature Pressure (bar)
   -1.33047e+05   -1.54879e+05    2.96001e+02   -1.43111e+03


DD  step 75999 load imb.: force 16.1%  pme mesh/force 1.035
           Step           Time
          76000       76.00000

   Energies (kJ/mol)
        LJ (SR)   Coulomb (SR)   Coul. recip.      Potential    Kinetic En.
    1.72027e+04   -1.79092e+05    4.64903e+02   -1.61424e+05    2.93594e+04
   Total Energy  Conserved En.    Temperature Pressure (bar)
   -1.32065e+05   -1.54847e+05    3.03557e+02   -1.09376e+03


DD  step 76999 load imb.: force 16.4%  pme mesh/force 1.032
           Step           Time
          77000       77.00000

   Energies (kJ/mol)
        LJ (SR)   Coulomb (SR)   Coul. recip.      Potential    Kinetic En.
    1.68534e+04   -1.78334e+05    4.92834e+02   -1.60988e+05    2.93010e+04
   Total Energy  Conserved En.    Temperature Pressure (bar)
   -1.31687e+05   -1.54841e+05    3.02953e+02   -1.17329e+03


DD  step 77999 load imb.: force 17.3%  pme mesh/force 1.049
           Step           Time
          78000       78.00000

   Energies (kJ/mol)
        LJ (SR)   Coulomb (SR)   Coul. recip.      Potential    Kinetic En.
    1.73890e+04   -1.78601e+05    5.06148e+02   -1.60706e+05    2.89087e+04
   Total Energy  Conserved En.    Temperature Pressure (bar)
   -1.31797e+05   -1.54819e+05    2.98897e+02   -9.31242e+02


DD  step 78999 load imb.: force 15.5%  pme mesh/force 1.043
           Step           Time
          79000       79.00000

   Energies (kJ/mol)
        LJ (SR)   Coulomb (SR)   Coul. recip.      Potential    Kinetic En.
    1.77951e+04   -1.79954e+05    4.89861e+02   -1.61669e+05    2.92381e+04
   Total Energy  Conserved En.    Temperature Pressure (bar)
   -1.32431e+05   -1.54828e+05    3.02303e+02   -8.56778e+02


DD  step 79999 load imb.: force 14.3%  pme mesh/force 1.073
           Step           Time
          80000       80.00000

   Energies (kJ/mol)
        LJ (SR)   Coulomb (SR)   Coul. recip.      Potential    Kinetic En.
    1.75620e+04   -1.79508e+05    4.81214e+02   -1.61464e+05    2.88338e+04
   Total Energy  Conserved En.    Temperature Pressure (bar)
   -1.32631e+05   -1.54838e+05    2.98122e+02   -9.84618e+02


DD  step 80999 load imb.: force 14.5%  pme mesh/force 1.065
           Step           Time
          81000       81.00000

   Energies (kJ/mol)
        LJ (SR)   Coulomb (SR)   Coul. recip.      Potential    Kinetic En.
    1.75067e+04   -1.79430e+05    4.85269e+02   -1.61438e+05    2.90453e+04
   Total Energy  Conserved En.    Temperature Pressure (bar)
   -1.32393e+05   -1.54848e+05    3.00309e+02   -9.68269e+02


DD  step 81999 load imb.: force 16.0%  pme mesh/force 1.028
           Step           Time
          82000       82.00000

   Energies (kJ/mol)
        LJ (SR)   Coulomb (SR)   Coul. recip.      Potential    Kinetic En.
    1.67290e+04   -1.78041e+05    5.01566e+02   -1.60810e+05    2.88314e+04
   Total Energy  Conserved En.    Temperature Pressure (bar)
   -1.31979e+05   -1.54830e+05    2.98098e+02   -1.31667e+03


DD  step 82999 load imb.: force 15.1%  pme mesh/force 1.030
           Step           Time
          83000       83.00000

   Energies (kJ/mol)
        LJ (SR)   Coulomb (SR)   Coul. recip.      Potential    Kinetic En.
    1.72340e+04   -1.78758e+05    5.19809e+02   -1.61004e+05    2.84854e+04
   Total Energy  Conserved En.    Temperature Pressure (bar)
   -1.32519e+05   -1.54828e+05    2.94521e+02   -1.06702e+03


DD  step 83999 load imb.: force 17.3%  pme mesh/force 1.030
           Step           Time
          84000       84.00000

   Energies (kJ/mol)
        LJ (SR)   Coulomb (SR)   Coul. recip.      Potential    Kinetic En.
    1.67388e+04   -1.77941e+05    4.72654e+02   -1.60729e+05    2.91030e+04
   Total Energy  Conserved En.    Temperature Pressure (bar)
   -1.31626e+05   -1.54789e+05    3.00906e+02   -1.22637e+03


DD  step 84999 load imb.: force 12.6%  pme mesh/force 1.081
           Step           Time
          85000       85.00000

   Energies (kJ/mol)
        LJ (SR)   Coulomb (SR)   Coul. recip.      Potential    Kinetic En.
    1.68622e+04   -1.78582e+05    4.83734e+02   -1.61236e+05    2.89618e+04
   Total Energy  Conserved En.    Temperature Pressure (bar)
   -1.32275e+05   -1.54790e+05    2.99446e+02   -1.29133e+03


DD  step 85999 load imb.: force 12.9%  pme mesh/force 1.051
           Step           Time
          86000       86.00000

   Energies (kJ/mol)
        LJ (SR)   Coulomb (SR)   Coul. recip.      Potential    Kinetic En.
    1.66802e+04   -1.77902e+05    5.02417e+02   -1.60720e+05    2.85640e+04
   Total Energy  Conserved En.    Temperature Pressure (bar)
   -1.32156e+05   -1.54832e+05    2.95333e+02   -1.28811e+03


DD  step 86999 load imb.: force  9.0%  pme mesh/force 1.125
           Step           Time
          87000       87.00000

   Energies (kJ/mol)
        LJ (SR)   Coulomb (SR)   Coul. recip.      Potential    Kinetic En.
    1.76491e+04   -1.78698e+05    4.72153e+02   -1.60577e+05    2.89212e+04
   Total Energy  Conserved En.    Temperature Pressure (bar)
   -1.31656e+05   -1.54787e+05    2.99026e+02   -7.54903e+02


DD  step 87999 load imb.: force 12.3%  pme mesh/force 1.101
           Step           Time
          88000       88.00000

   Energies (kJ/mol)
        LJ (SR)   Coulomb (SR)   Coul. recip.      Potential    Kinetic En.
    1.71356e+04   -1.78926e+05    4.99789e+02   -1.61291e+05    2.89340e+04
   Total Energy  Conserved En.    Temperature Pressure (bar)
   -1.32357e+05   -1.54767e+05    2.99159e+02   -1.10377e+03


DD  step 88999 load imb.: force 16.3%  pme mesh/force 1.032
           Step           Time
          89000       89.00000

   Energies (kJ/mol)
        LJ (SR)   Coulomb (SR)   Coul. recip.      Potential    Kinetic En.
    1.71530e+04   -1.79005e+05    4.76538e+02   -1.61375e+05    2.88150e+04
   Total Energy  Conserved En.    Temperature Pressure (bar)
   -1.32560e+05   -1.54839e+05    2.97928e+02   -1.11334e+03


DD  step 89999 load imb.: force 15.4%  pme mesh/force 1.063
           Step           Time
          90000       90.00000

   Energies (kJ/mol)
        LJ (SR)   Coulomb (SR)   Coul. recip.      Potential    Kinetic En.
    1.71646e+04   -1.78503e+05    4.74068e+02   -1.60865e+05    2.90661e+04
   Total Energy  Conserved En.    Temperature Pressure (bar)
   -1.31799e+05   -1.54792e+05    3.00524e+02   -1.01000e+03


DD  step 90999 load imb.: force 12.5%  pme mesh/force 1.076
           Step           Time
          91000       91.00000

   Energies (kJ/mol)
        LJ (SR)   Coulomb (SR)   Coul. recip.      Potential    Kinetic En.
    1.69666e+04   -1.78674e+05    4.99307e+02   -1.61208e+05    2.91059e+04
   Total Energy  Conserved En.    Temperature Pressure (bar)
   -1.32102e+05   -1.54810e+05    3.00935e+02   -1.19250e+03


DD  step 91999 load imb.: force 16.5%  pme mesh/force 1.041
           Step           Time
          92000       92.00000

   Energies (kJ/mol)
        LJ (SR)   Coulomb (SR)   Coul. recip.      Potential    Kinetic En.
    1.72642e+04   -1.78044e+05    4.85597e+02   -1.60294e+05    2.92952e+04
   Total Energy  Conserved En.    Temperature Pressure (bar)
   -1.30999e+05   -1.54837e+05    3.02893e+02   -8.68795e+02


DD  step 92999 load imb.: force 15.8%  pme mesh/force 1.034
           Step           Time
          93000       93.00000

   Energies (kJ/mol)
        LJ (SR)   Coulomb (SR)   Coul. recip.      Potential    Kinetic En.
    1.75578e+04   -1.78784e+05    4.99972e+02   -1.60727e+05    2.92291e+04
   Total Energy  Conserved En.    Temperature Pressure (bar)
   -1.31498e+05   -1.54784e+05    3.02210e+02   -8.50662e+02


DD  step 93999 load imb.: force 13.8%  pme mesh/force 1.069
           Step           Time
          94000       94.00000

   Energies (kJ/mol)
        LJ (SR)   Coulomb (SR)   Coul. recip.      Potential    Kinetic En.
    1.72184e+04   -1.78469e+05    5.22455e+02   -1.60728e+05    2.85910e+04
   Total Energy  Conserved En.    Temperature Pressure (bar)
   -1.32137e+05   -1.54755e+05    2.95613e+02   -1.03693e+03


DD  step 94999 load imb.: force 16.9%  pme mesh/force 1.037
           Step           Time
          95000       95.00000

   Energies (kJ/mol)
        LJ (SR)   Coulomb (SR)   Coul. recip.      Potential    Kinetic En.
    1.75640e+04   -1.79373e+05    4.43492e+02   -1.61366e+05    2.94456e+04
   Total Energy  Conserved En.    Temperature Pressure (bar)
   -1.31920e+05   -1.54788e+05    3.04448e+02   -9.88800e+02


DD  step 95999 load imb.: force 12.0%  pme mesh/force 1.078
           Step           Time
          96000       96.00000

   Energies (kJ/mol)
        LJ (SR)   Coulomb (SR)   Coul. recip.      Potential    Kinetic En.
    1.68702e+04   -1.78199e+05    4.93826e+02   -1.60835e+05    2.89546e+04
   Total Energy  Conserved En.    Temperature Pressure (bar)
   -1.31880e+05   -1.54799e+05    2.99371e+02   -1.20929e+03


DD  step 96999 load imb.: force 12.8%  pme mesh/force 1.077
           Step           Time
          97000       97.00000

   Energies (kJ/mol)
        LJ (SR)   Coulomb (SR)   Coul. recip.      Potential    Kinetic En.
    1.66502e+04   -1.77790e+05    5.24257e+02   -1.60616e+05    2.87121e+04
   Total Energy  Conserved En.    Temperature Pressure (bar)
   -1.31904e+05   -1.54832e+05    2.96864e+02   -1.26166e+03


DD  step 97999 load imb.: force 19.1%  pme mesh/force 1.036
           Step           Time
          98000       98.00000

   Energies (kJ/mol)
        LJ (SR)   Coulomb (SR)   Coul. recip.      Potential    Kinetic En.
    1.70403e+04   -1.77826e+05    4.90025e+02   -1.60296e+05    2.91793e+04
   Total Energy  Conserved En.    Temperature Pressure (bar)
   -1.31117e+05   -1.54843e+05    3.01695e+02   -1.04943e+03


DD  step 98999 load imb.: force 16.9%  pme mesh/force 1.037
           Step           Time
          99000       99.00000

   Energies (kJ/mol)
        LJ (SR)   Coulomb (SR)   Coul. recip.      Potential    Kinetic En.
    1.60974e+04   -1.77297e+05    5.04543e+02   -1.60695e+05    2.89806e+04
   Total Energy  Conserved En.    Temperature Pressure (bar)
   -1.31714e+05   -1.54762e+05    2.99640e+02   -1.51529e+03


DD  step 99999 load imb.: force 18.0%  pme mesh/force 1.119
           Step           Time
         100000      100.00000

   Energies (kJ/mol)
        LJ (SR)   Coulomb (SR)   Coul. recip.      Potential    Kinetic En.
    1.67609e+04   -1.78034e+05    4.96692e+02   -1.60777e+05    2.93167e+04
   Total Energy  Conserved En.    Temperature Pressure (bar)
   -1.31460e+05   -1.54759e+05    3.03116e+02   -1.20722e+03


DD  step 100999 load imb.: force 16.7%  pme mesh/force 1.034
           Step           Time
         101000      101.00000

   Energies (kJ/mol)
        LJ (SR)   Coulomb (SR)   Coul. recip.      Potential    Kinetic En.
    1.72275e+04   -1.78803e+05    4.37996e+02   -1.61137e+05    2.88242e+04
   Total Energy  Conserved En.    Temperature Pressure (bar)
   -1.32313e+05   -1.54723e+05    2.98023e+02   -1.06552e+03


DD  step 101999 load imb.: force 12.1%  pme mesh/force 1.093
           Step           Time
         102000      102.00000

   Energies (kJ/mol)
        LJ (SR)   Coulomb (SR)   Coul. recip.      Potential    Kinetic En.
    1.77091e+04   -1.80170e+05    4.80556e+02   -1.61980e+05    2.85479e+04
   Total Energy  Conserved En.    Temperature Pressure (bar)
   -1.33432e+05   -1.54762e+05    2.95166e+02   -9.66696e+02


DD  step 102999 load imb.: force 17.4%  pme mesh/force 1.037
           Step           Time
         103000      103.00000

   Energies (kJ/mol)
        LJ (SR)   Coulomb (SR)   Coul. recip.      Potential    Kinetic En.
    1.69669e+04   -1.78584e+05    5.09992e+02   -1.61107e+05    2.84034e+04
   Total Energy  Conserved En.    Temperature Pressure (bar)
   -1.32703e+05   -1.54791e+05    2.93673e+02   -1.23988e+03


DD  step 103999 load imb.: force 17.3%  pme mesh/force 1.025
           Step           Time
         104000      104.00000

   Energies (kJ/mol)
        LJ (SR)   Coulomb (SR)   Coul. recip.      Potential    Kinetic En.
    1.66998e+04   -1.77959e+05    5.08072e+02   -1.60751e+05    2.95446e+04
   Total Energy  Conserved En.    Temperature Pressure (bar)
   -1.31206e+05   -1.54788e+05    3.05472e+02   -1.18294e+03


DD  step 104999 load imb.: force 12.7%  pme mesh/force 1.074
           Step           Time
         105000      105.00000

   Energies (kJ/mol)
        LJ (SR)   Coulomb (SR)   Coul. recip.      Potential    Kinetic En.
    1.74829e+04   -1.78862e+05    5.24844e+02   -1.60854e+05    2.86413e+04
   Total Energy  Conserved En.    Temperature Pressure (bar)
   -1.32213e+05   -1.54797e+05    2.96133e+02   -9.06886e+02


DD  step 105999 load imb.: force 12.3%  pme mesh/force 1.098
           Step           Time
         106000      106.00000

   Energies (kJ/mol)
        LJ (SR)   Coulomb (SR)   Coul. recip.      Potential    Kinetic En.
    1.68626e+04   -1.78314e+05    5.17790e+02   -1.60934e+05    2.91801e+04
   Total Energy  Conserved En.    Temperature Pressure (bar)
   -1.31754e+05   -1.54767e+05    3.01703e+02   -1.23397e+03


DD  step 106999 load imb.: force 19.5%  pme mesh/force 1.027
           Step           Time
         107000      107.00000

   Energies (kJ/mol)
        LJ (SR)   Coulomb (SR)   Coul. recip.      Potential    Kinetic En.
    1.73726e+04   -1.78532e+05    5.23686e+02   -1.60635e+05    2.91723e+04
   Total Energy  Conserved En.    Temperature Pressure (bar)
   -1.31463e+05   -1.54769e+05    3.01622e+02   -9.26270e+02


DD  step 107999 load imb.: force 13.7%  pme mesh/force 1.048
           Step           Time
         108000      108.00000

   Energies (kJ/mol)
        LJ (SR)   Coulomb (SR)   Coul. recip.      Potential    Kinetic En.
    1.72198e+04   -1.78871e+05    5.39944e+02   -1.61111e+05    2.91396e+04
   Total Energy  Conserved En.    Temperature Pressure (bar)
   -1.31972e+05   -1.54766e+05    3.01284e+02   -1.06612e+03


DD  step 108999 load imb.: force 16.2%  pme mesh/force 1.039
           Step           Time
         109000      109.00000

   Energies (kJ/mol)
        LJ (SR)   Coulomb (SR)   Coul. recip.      Potential    Kinetic En.
    1.69222e+04   -1.78318e+05    5.34769e+02   -1.60861e+05    2.91476e+04
   Total Energy  Conserved En.    Temperature Pressure (bar)
   -1.31714e+05   -1.54762e+05    3.01367e+02   -1.15381e+03


DD  step 109999 load imb.: force 18.7%  pme mesh/force 1.090
           Step           Time
         110000      110.00000

   Energies (kJ/mol)
        LJ (SR)   Coulomb (SR)   Coul. recip.      Potential    Kinetic En.
    1.72860e+04   -1.79040e+05    4.98624e+02   -1.61255e+05    2.92878e+04
   Total Energy  Conserved En.    Temperature Pressure (bar)
   -1.31967e+05   -1.54737e+05    3.02816e+02   -1.04404e+03


DD  step 110999 load imb.: force 18.5%  pme mesh/force 1.024
           Step           Time
         111000      111.00000

   Energies (kJ/mol)
        LJ (SR)   Coulomb (SR)   Coul. recip.      Potential    Kinetic En.
    1.65723e+04   -1.77683e+05    5.06004e+02   -1.60604e+05    2.95081e+04
   Total Energy  Conserved En.    Temperature Pressure (bar)
   -1.31096e+05   -1.54737e+05    3.05094e+02   -1.24546e+03


DD  step 111999 load imb.: force 15.9%  pme mesh/force 1.050
           Step           Time
         112000      112.00000

   Energies (kJ/mol)
        LJ (SR)   Coulomb (SR)   Coul. recip.      Potential    Kinetic En.
    1.68687e+04   -1.77874e+05    4.76291e+02   -1.60529e+05    2.93951e+04
   Total Energy  Conserved En.    Temperature Pressure (bar)
   -1.31134e+05   -1.54750e+05    3.03925e+02   -1.06942e+03


DD  step 112999 load imb.: force 12.7%  pme mesh/force 1.059
           Step           Time
         113000      113.00000

   Energies (kJ/mol)
        LJ (SR)   Coulomb (SR)   Coul. recip.      Potential    Kinetic En.
    1.69083e+04   -1.77816e+05    4.92224e+02   -1.60415e+05    2.90765e+04
   Total Energy  Conserved En.    Temperature Pressure (bar)
   -1.31339e+05   -1.54717e+05    3.00632e+02   -1.12788e+03


DD  step 113999 load imb.: force 12.5%  pme mesh/force 1.058
           Step           Time
         114000      114.00000

   Energies (kJ/mol)
        LJ (SR)   Coulomb (SR)   Coul. recip.      Potential    Kinetic En.
    1.69605e+04   -1.78500e+05    4.95698e+02   -1.61044e+05    2.89681e+04
   Total Energy  Conserved En.    Temperature Pressure (bar)
   -1.32076e+05   -1.54694e+05    2.99511e+02   -1.19094e+03


DD  step 114999 load imb.: force 12.2%  pme mesh/force 1.064
           Step           Time
         115000      115.00000

   Energies (kJ/mol)
        LJ (SR)   Coulomb (SR)   Coul. recip.      Potential    Kinetic En.
    1.76324e+04   -1.79082e+05    4.76863e+02   -1.60973e+05    2.85831e+04
   Total Energy  Conserved En.    Temperature Pressure (bar)
   -1.32390e+05   -1.54741e+05    2.95531e+02   -9.20178e+02


DD  step 115999 load imb.: force  9.0%  pme mesh/force 1.120
           Step           Time
         116000      116.00000

   Energies (kJ/mol)
        LJ (SR)   Coulomb (SR)   Coul. recip.      Potential    Kinetic En.
    1.72566e+04   -1.78536e+05    5.01707e+02   -1.60778e+05    2.86201e+04
   Total Energy  Conserved En.    Temperature Pressure (bar)
   -1.32158e+05   -1.54737e+05    2.95913e+02   -1.05745e+03


DD  step 116999 load imb.: force 14.4%  pme mesh/force 1.061
           Step           Time
         117000      117.00000

   Energies (kJ/mol)
        LJ (SR)   Coulomb (SR)   Coul. recip.      Potential    Kinetic En.
    1.71672e+04   -1.79001e+05    4.98435e+02   -1.61336e+05    2.91304e+04
   Total Energy  Conserved En.    Temperature Pressure (bar)
   -1.32205e+05   -1.54725e+05    3.01189e+02   -1.16587e+03


DD  step 117999 load imb.: force 16.7%  pme mesh/force 1.033
           Step           Time
         118000      118.00000

   Energies (kJ/mol)
        LJ (SR)   Coulomb (SR)   Coul. recip.      Potential    Kinetic En.
    1.70571e+04   -1.78466e+05    4.97848e+02   -1.60911e+05    2.90616e+04
   Total Energy  Conserved En.    Temperature Pressure (bar)
   -1.31849e+05   -1.54743e+05    3.00478e+02   -1.13940e+03


DD  step 118999 load imb.: force 16.4%  pme mesh/force 1.042
           Step           Time
         119000      119.00000

   Energies (kJ/mol)
        LJ (SR)   Coulomb (SR)   Coul. recip.      Potential    Kinetic En.
    1.68173e+04   -1.78523e+05    4.66161e+02   -1.61240e+05    2.86053e+04
   Total Energy  Conserved En.    Temperature Pressure (bar)
   -1.32635e+05   -1.54726e+05    2.95760e+02   -1.33550e+03


DD  step 119999 load imb.: force 12.0%  pme mesh/force 1.073
           Step           Time
         120000      120.00000

   Energies (kJ/mol)
        LJ (SR)   Coulomb (SR)   Coul. recip.      Potential    Kinetic En.
    1.73989e+04   -1.78780e+05    5.39467e+02   -1.60842e+05    2.91331e+04
   Total Energy  Conserved En.    Temperature Pressure (bar)
   -1.31709e+05   -1.54725e+05    3.01217e+02   -9.70184e+02


DD  step 120999 load imb.: force 15.6%  pme mesh/force 1.033
           Step           Time
         121000      121.00000

   Energies (kJ/mol)
        LJ (SR)   Coulomb (SR)   Coul. recip.      Potential    Kinetic En.
    1.72823e+04   -1.78940e+05    5.32240e+02   -1.61125e+05    2.90534e+04
   Total Energy  Conserved En.    Temperature Pressure (bar)
   -1.32072e+05   -1.54698e+05    3.00393e+02   -1.06938e+03


DD  step 121999 load imb.: force 10.5%  pme mesh/force 1.100
           Step           Time
         122000      122.00000

   Energies (kJ/mol)
        LJ (SR)   Coulomb (SR)   Coul. recip.      Potential    Kinetic En.
    1.73036e+04   -1.78440e+05    5.10817e+02   -1.60626e+05    2.87700e+04
   Total Energy  Conserved En.    Temperature Pressure (bar)
   -1.31856e+05   -1.54712e+05    2.97463e+02   -9.69570e+02


DD  step 122999 load imb.: force 15.2%  pme mesh/force 1.031
           Step           Time
         123000      123.00000

   Energies (kJ/mol)
        LJ (SR)   Coulomb (SR)   Coul. recip.      Potential    Kinetic En.
    1.64424e+04   -1.78271e+05    4.95825e+02   -1.61333e+05    2.93664e+04
   Total Energy  Conserved En.    Temperature Pressure (bar)
   -1.31967e+05   -1.54698e+05    3.03629e+02   -1.46546e+03


DD  step 123999 load imb.: force 15.2%  pme mesh/force 1.042
           Step           Time
         124000      124.00000

   Energies (kJ/mol)
        LJ (SR)   Coulomb (SR)   Coul. recip.      Potential    Kinetic En.
    1.67836e+04   -1.77918e+05    5.25378e+02   -1.60609e+05    2.91219e+04
   Total Energy  Conserved En.    Temperature Pressure (bar)
   -1.31487e+05   -1.54704e+05    3.01101e+02   -1.22773e+03


DD  step 124999 load imb.: force 17.2%  pme mesh/force 1.042
           Step           Time
         125000      125.00000

Writing checkpoint, step 125000 at Tue Oct 11 19:29:18 2022


   Energies (kJ/mol)
        LJ (SR)   Coulomb (SR)   Coul. recip.      Potential    Kinetic En.
    1.66155e+04   -1.78319e+05    4.85505e+02   -1.61218e+05    2.86917e+04
   Total Energy  Conserved En.    Temperature Pressure (bar)
   -1.32526e+05   -1.54712e+05    2.96653e+02   -1.44039e+03


	<======  ###############  ==>
	<====  A V E R A G E S  ====>
	<==  ###############  ======>

	Statistics over 125001 steps using 1251 frames

   Energies (kJ/mol)
        LJ (SR)   Coulomb (SR)   Coul. recip.      Potential    Kinetic En.
    1.70739e+04   -1.78566e+05    5.06651e+02   -1.60985e+05    2.90210e+04
   Total Energy  Conserved En.    Temperature Pressure (bar)
   -1.31964e+05   -1.54877e+05    3.00058e+02   -1.11701e+03

   Total Virial (kJ/mol)
    1.38523e+04    7.77719e+00   -6.27988e+00
    7.62267e+00    1.39053e+04   -3.23213e+01
   -6.42102e+00   -3.24716e+01    1.38762e+04

   Pressure (bar)
   -1.10880e+03   -2.90240e+00    1.09838e+00
   -2.86135e+00   -1.12557e+03    1.00115e+01
    1.13587e+00    1.00514e+01   -1.11666e+03


       P P   -   P M E   L O A D   B A L A N C I N G

 PP/PME load balancing changed the cut-off and PME settings:
           particle-particle                    PME
            rcoulomb  rlist            grid      spacing   1/beta
   initial  1.200 nm  1.201 nm      42  42  42   0.119 nm  0.384 nm
   final    1.250 nm  1.251 nm      40  40  40   0.125 nm  0.400 nm
 cost-ratio           1.13             0.86
 (note that these numbers concern only part of the total PP and PME load)


	M E G A - F L O P S   A C C O U N T I N G

 NB=Group-cutoff nonbonded kernels    NxN=N-by-N cluster Verlet kernels
 RF=Reaction-Field  VdW=Van der Waals  QSTab=quadratic-spline table
 W3=SPC/TIP3p  W4=TIP4p (single or pairs)
 V&F=Potential and force  V=Potential only  F=Force only

 Computing:                               M-Number         M-Flops  % Flops
-----------------------------------------------------------------------------
 Pair Search distance check            9226.682784       83040.145     0.1
 NxN Ewald Elec. + LJ [F]           1366438.418928   106582196.676    92.6
 NxN Ewald Elec. + LJ [V&F]           13813.592720     1781953.461     1.5
 NxN Ewald Elec. [F]                  54678.278160     3335374.968     2.9
 NxN Ewald Elec. [V&F]                  552.743824       46430.481     0.0
 Calc Weights                          4360.159881      156965.756     0.1
 Spread Q Bspline                     93016.744128      186033.488     0.2
 Gather F Bspline                     93016.744128      558100.465     0.5
 3D-FFT                              261484.707620     2091877.661     1.8
 Solve PME                              811.177600       51915.366     0.0
 Reset In Box                            14.545377          43.636     0.0
 CG-CoM                                  14.557004          43.671     0.0
 Virial                                  19.048977         342.882     0.0
 Stop-CM                                 14.557004         145.570     0.0
 Calc-Ekin                              145.360754        3924.740     0.0
 Constraint-V                          1451.648226       11613.186     0.0
 Constraint-Vir                          14.527863         348.669     0.0
 Settle                                 483.886613      156295.376     0.1
-----------------------------------------------------------------------------
 Total                                               115046646.197   100.0
-----------------------------------------------------------------------------


    D O M A I N   D E C O M P O S I T I O N   S T A T I S T I C S

 av. #atoms communicated per step for force:  2 x 80812.0


Dynamic load balancing report:
 DLB was off during the run due to low measured imbalance.
 Average load imbalance: 16.5%.
 The balanceable part of the MD step is 75%, load imbalance is computed from this.
 Part of the total run time spent waiting due to load imbalance: 12.4%.
 Average PME mesh/force load: 1.071
 Part of the total run time spent waiting due to PP/PME imbalance: 4.9 %

NOTE: 12.4 % of the available CPU time was lost due to load imbalance
      in the domain decomposition.
      You might want to use dynamic load balancing (option -dlb.)
      You can also consider manually changing the decomposition (option -dd);
      e.g. by using fewer domains along the box dimension in which there is
      considerable inhomogeneity in the simulated system.

     R E A L   C Y C L E   A N D   T I M E   A C C O U N T I N G

On 80 MPI ranks doing PP, and
on 20 MPI ranks doing PME

 Computing:          Num   Num      Call    Wall time         Giga-Cycles
                     Ranks Threads  Count      (s)         total sum    %
-----------------------------------------------------------------------------
 Domain decomp.        80    1       1251       0.338         78.133   0.8
 DD comm. load         80    1       1242       0.003          0.659   0.0
 Send X to PME         80    1     125001       0.081         18.846   0.2
 Neighbor search       80    1       1251       0.617        142.824   1.5
 Comm. coord.          80    1     123750       2.865        663.111   6.9
 Force                 80    1     125001      20.628       4774.277  49.6
 Wait + Comm. F        80    1     125001       4.980       1152.670  12.0
 PME mesh *            20    1     125001      29.378       1699.884  17.7
 PME wait for PP *                              3.793        219.450   2.3
 Wait + Recv. PME F    80    1     125001       1.641        379.918   4.0
 NB X/F buffer ops.    80    1     372501       0.878        203.272   2.1
 Write traj.           80    1         26       0.006          1.332   0.0
 Update                80    1     125001       0.146         33.838   0.4
 Constraints           80    1     125003       0.234         54.210   0.6
 Comm. energies        80    1       6251       0.645        149.191   1.6
 Rest                                           0.180         41.750   0.4
-----------------------------------------------------------------------------
 Total                                         33.243       9617.540 100.0
-----------------------------------------------------------------------------
(*) Note that with separate PME ranks, the walltime column actually sums to
    twice the total reported, but the cycle count total and % are correct.
-----------------------------------------------------------------------------
 Breakdown of PME mesh computation
-----------------------------------------------------------------------------
 PME redist. X/F       20    1     250002       5.699        329.782   3.4
 PME spread            20    1     125001       5.186        300.089   3.1
 PME gather            20    1     125001       4.661        269.693   2.8
 PME 3D-FFT            20    1     250002       7.028        406.671   4.2
 PME 3D-FFT Comm.      20    1     500004       6.288        363.864   3.8
 PME solve Elec        20    1     125001       0.426         24.666   0.3
-----------------------------------------------------------------------------

               Core t (s)   Wall t (s)        (%)
       Time:     3324.206       33.243     9999.7
                 (ns/day)    (hour/ns)
Performance:      324.881        0.074
Finished mdrun on rank 0 Tue Oct 11 19:29:18 2022

