                      :-) GROMACS - gmx mdrun, 2020.4 (-:

                            GROMACS is written by:
     Emile Apol      Rossen Apostolov      Paul Bauer     Herman J.C. Berendsen
    Par Bjelkmar      Christian Blau   Viacheslav Bolnykh     Kevin Boyd    
 Aldert van Buuren   Rudi van Drunen     Anton Feenstra       Alan Gray     
  Gerrit Groenhof     Anca Hamuraru    Vincent Hindriksen  M. Eric Irrgang  
  Aleksei Iupinov   Christoph Junghans     Joe Jordan     Dimitrios Karkoulis
    Peter Kasson        Jiri Kraus      Carsten Kutzner      Per Larsson    
  Justin A. Lemkul    Viveca Lindahl    Magnus Lundborg     Erik Marklund   
    Pascal Merz     Pieter Meulenhoff    Teemu Murtola       Szilard Pall   
    Sander Pronk      Roland Schulz      Michael Shirts    Alexey Shvetsov  
   Alfons Sijbers     Peter Tieleman      Jon Vincent      Teemu Virolainen 
 Christian Wennberg    Maarten Wolf      Artem Zhmurov   
                           and the project leaders:
        Mark Abraham, Berk Hess, Erik Lindahl, and David van der Spoel

Copyright (c) 1991-2000, University of Groningen, The Netherlands.
Copyright (c) 2001-2019, The GROMACS development team at
Uppsala University, Stockholm University and
the Royal Institute of Technology, Sweden.
check out http://www.gromacs.org for more information.

GROMACS is free software; you can redistribute it and/or modify it
under the terms of the GNU Lesser General Public License
as published by the Free Software Foundation; either version 2.1
of the License, or (at your option) any later version.

GROMACS:      gmx mdrun, version 2020.4
Executable:   /share/apps/gromacs/2020.4/openmpi/intel/bin/gmx_mpi
Data prefix:  /share/apps/gromacs/2020.4/openmpi/intel
Working dir:  /scratch/work/courses/CHEM-GA-2671-2022fa/tp2353/comp-lab-class/Week3
Process ID:   1822879
Command line:
  gmx_mpi mdrun -deffnm npt

GROMACS version:    2020.4
Verified release checksum is 79c2857291b034542c26e90512b92fd4b184a1c9d6fa59c55f2e24ccf14e7281
Precision:          single
Memory model:       64 bit
MPI library:        MPI
OpenMP support:     disabled
GPU support:        disabled
SIMD instructions:  AVX_512
FFT library:        Intel MKL
RDTSCP usage:       enabled
TNG support:        enabled
Hwloc support:      disabled
Tracing support:    disabled
C compiler:         /share/apps/openmpi/4.0.5/intel/bin/mpicc Intel 19.1.2.20200623
C compiler flags:   -xCORE-AVX512 -qopt-zmm-usage=high -mkl=sequential -wd3180 -std=gnu99 -ip -funroll-all-loops -alias-const -ansi-alias -no-prec-div -fimf-domain-exclusion=14 -qoverride-limits -O3 -DNDEBUG
C++ compiler:       /share/apps/openmpi/4.0.5/intel/bin/mpicxx Intel 19.1.2.20200623
C++ compiler flags: -xCORE-AVX512 -qopt-zmm-usage=high -mkl=sequential -wd3180 -ip -funroll-all-loops -alias-const -ansi-alias -no-prec-div -fimf-domain-exclusion=14 -qoverride-limits -O3 -DNDEBUG


Running on 1 node with total 48 cores, 48 logical cores
Hardware detected on host cs404.hpc.nyu.edu (the node of MPI rank 0):
  CPU info:
    Vendor: Intel
    Brand:  Intel(R) Xeon(R) Platinum 8268 CPU @ 2.90GHz
    Family: 6   Model: 85   Stepping: 7
    Features: aes apic avx avx2 avx512f avx512cd avx512bw avx512vl clfsh cmov cx8 cx16 f16c fma htt intel lahf mmx msr nonstop_tsc pcid pclmuldq pdcm pdpe1gb popcnt pse rdrnd rdtscp sse2 sse3 sse4.1 sse4.2 ssse3 tdt x2apic
    Number of AVX-512 FMA units: 2
  Hardware topology: Basic
    Sockets, cores, and logical processors:
      Socket  0: [   0] [   1] [   2] [   3] [   4] [   5] [   6] [   7] [   8] [   9] [  10] [  11] [  12] [  13] [  14] [  15] [  16] [  17] [  18] [  19] [  20] [  21] [  22] [  23]
      Socket  1: [  24] [  25] [  26] [  27] [  28] [  29] [  30] [  31] [  32] [  33] [  34] [  35] [  36] [  37] [  38] [  39] [  40] [  41] [  42] [  43] [  44] [  45] [  46] [  47]


++++ PLEASE READ AND CITE THE FOLLOWING REFERENCE ++++
M. J. Abraham, T. Murtola, R. Schulz, S. Páll, J. C. Smith, B. Hess, E.
Lindahl
GROMACS: High performance molecular simulations through multi-level
parallelism from laptops to supercomputers
SoftwareX 1 (2015) pp. 19-25
-------- -------- --- Thank You --- -------- --------


++++ PLEASE READ AND CITE THE FOLLOWING REFERENCE ++++
S. Páll, M. J. Abraham, C. Kutzner, B. Hess, E. Lindahl
Tackling Exascale Software Challenges in Molecular Dynamics Simulations with
GROMACS
In S. Markidis & E. Laure (Eds.), Solving Software Challenges for Exascale 8759 (2015) pp. 3-27
-------- -------- --- Thank You --- -------- --------


++++ PLEASE READ AND CITE THE FOLLOWING REFERENCE ++++
S. Pronk, S. Páll, R. Schulz, P. Larsson, P. Bjelkmar, R. Apostolov, M. R.
Shirts, J. C. Smith, P. M. Kasson, D. van der Spoel, B. Hess, and E. Lindahl
GROMACS 4.5: a high-throughput and highly parallel open source molecular
simulation toolkit
Bioinformatics 29 (2013) pp. 845-54
-------- -------- --- Thank You --- -------- --------


++++ PLEASE READ AND CITE THE FOLLOWING REFERENCE ++++
B. Hess and C. Kutzner and D. van der Spoel and E. Lindahl
GROMACS 4: Algorithms for highly efficient, load-balanced, and scalable
molecular simulation
J. Chem. Theory Comput. 4 (2008) pp. 435-447
-------- -------- --- Thank You --- -------- --------


++++ PLEASE READ AND CITE THE FOLLOWING REFERENCE ++++
D. van der Spoel, E. Lindahl, B. Hess, G. Groenhof, A. E. Mark and H. J. C.
Berendsen
GROMACS: Fast, Flexible and Free
J. Comp. Chem. 26 (2005) pp. 1701-1719
-------- -------- --- Thank You --- -------- --------


++++ PLEASE READ AND CITE THE FOLLOWING REFERENCE ++++
E. Lindahl and B. Hess and D. van der Spoel
GROMACS 3.0: A package for molecular simulation and trajectory analysis
J. Mol. Mod. 7 (2001) pp. 306-317
-------- -------- --- Thank You --- -------- --------


++++ PLEASE READ AND CITE THE FOLLOWING REFERENCE ++++
H. J. C. Berendsen, D. van der Spoel and R. van Drunen
GROMACS: A message-passing parallel molecular dynamics implementation
Comp. Phys. Comm. 91 (1995) pp. 43-56
-------- -------- --- Thank You --- -------- --------


++++ PLEASE CITE THE DOI FOR THIS VERSION OF GROMACS ++++
https://doi.org/10.5281/zenodo.4054979
-------- -------- --- Thank You --- -------- --------

Input Parameters:
   integrator                     = md
   tinit                          = 0
   dt                             = 0.002
   nsteps                         = 50000
   init-step                      = 0
   simulation-part                = 1
   comm-mode                      = Linear
   nstcomm                        = 100
   bd-fric                        = 0
   ld-seed                        = -440014749
   emtol                          = 10
   emstep                         = 0.01
   niter                          = 20
   fcstep                         = 0
   nstcgsteep                     = 1000
   nbfgscorr                      = 10
   rtpi                           = 0.05
   nstxout                        = 500
   nstvout                        = 500
   nstfout                        = 0
   nstlog                         = 500
   nstcalcenergy                  = 100
   nstenergy                      = 500
   nstxout-compressed             = 0
   compressed-x-precision         = 1000
   cutoff-scheme                  = Verlet
   nstlist                        = 10
   pbc                            = xyz
   periodic-molecules             = false
   verlet-buffer-tolerance        = 0.005
   rlist                          = 1
   coulombtype                    = PME
   coulomb-modifier               = Potential-shift
   rcoulomb-switch                = 0
   rcoulomb                       = 1
   epsilon-r                      = 1
   epsilon-rf                     = inf
   vdw-type                       = Cut-off
   vdw-modifier                   = Potential-shift
   rvdw-switch                    = 0
   rvdw                           = 1
   DispCorr                       = EnerPres
   table-extension                = 1
   fourierspacing                 = 0.16
   fourier-nx                     = 44
   fourier-ny                     = 44
   fourier-nz                     = 44
   pme-order                      = 4
   ewald-rtol                     = 1e-05
   ewald-rtol-lj                  = 0.001
   lj-pme-comb-rule               = Geometric
   ewald-geometry                 = 0
   epsilon-surface                = 0
   tcoupl                         = V-rescale
   nsttcouple                     = 10
   nh-chain-length                = 0
   print-nose-hoover-chain-variables = false
   pcoupl                         = Parrinello-Rahman
   pcoupltype                     = Isotropic
   nstpcouple                     = 10
   tau-p                          = 2
   compressibility (3x3):
      compressibility[    0]={ 4.50000e-05,  0.00000e+00,  0.00000e+00}
      compressibility[    1]={ 0.00000e+00,  4.50000e-05,  0.00000e+00}
      compressibility[    2]={ 0.00000e+00,  0.00000e+00,  4.50000e-05}
   ref-p (3x3):
      ref-p[    0]={ 1.00000e+00,  0.00000e+00,  0.00000e+00}
      ref-p[    1]={ 0.00000e+00,  1.00000e+00,  0.00000e+00}
      ref-p[    2]={ 0.00000e+00,  0.00000e+00,  1.00000e+00}
   refcoord-scaling               = COM
   posres-com (3):
      posres-com[0]= 4.97218e-01
      posres-com[1]= 5.02389e-01
      posres-com[2]= 4.99839e-01
   posres-comB (3):
      posres-comB[0]= 4.97218e-01
      posres-comB[1]= 5.02389e-01
      posres-comB[2]= 4.99839e-01
   QMMM                           = false
   QMconstraints                  = 0
   QMMMscheme                     = 0
   MMChargeScaleFactor            = 1
qm-opts:
   ngQM                           = 0
   constraint-algorithm           = Lincs
   continuation                   = true
   Shake-SOR                      = false
   shake-tol                      = 0.0001
   lincs-order                    = 4
   lincs-iter                     = 1
   lincs-warnangle                = 30
   nwall                          = 0
   wall-type                      = 9-3
   wall-r-linpot                  = -1
   wall-atomtype[0]               = -1
   wall-atomtype[1]               = -1
   wall-density[0]                = 0
   wall-density[1]                = 0
   wall-ewald-zfac                = 3
   pull                           = false
   awh                            = false
   rotation                       = false
   interactiveMD                  = false
   disre                          = No
   disre-weighting                = Conservative
   disre-mixed                    = false
   dr-fc                          = 1000
   dr-tau                         = 0
   nstdisreout                    = 100
   orire-fc                       = 0
   orire-tau                      = 0
   nstorireout                    = 100
   free-energy                    = no
   cos-acceleration               = 0
   deform (3x3):
      deform[    0]={ 0.00000e+00,  0.00000e+00,  0.00000e+00}
      deform[    1]={ 0.00000e+00,  0.00000e+00,  0.00000e+00}
      deform[    2]={ 0.00000e+00,  0.00000e+00,  0.00000e+00}
   simulated-tempering            = false
   swapcoords                     = no
   userint1                       = 0
   userint2                       = 0
   userint3                       = 0
   userint4                       = 0
   userreal1                      = 0
   userreal2                      = 0
   userreal3                      = 0
   userreal4                      = 0
   applied-forces:
     electric-field:
       x:
         E0                       = 0
         omega                    = 0
         t0                       = 0
         sigma                    = 0
       y:
         E0                       = 0
         omega                    = 0
         t0                       = 0
         sigma                    = 0
       z:
         E0                       = 0
         omega                    = 0
         t0                       = 0
         sigma                    = 0
     density-guided-simulation:
       active                     = false
       group                      = protein
       similarity-measure         = inner-product
       atom-spreading-weight      = unity
       force-constant             = 1e+09
       gaussian-transform-spreading-width = 0.2
       gaussian-transform-spreading-range-in-multiples-of-width = 4
       reference-density-filename = reference.mrc
       nst                        = 1
       normalize-densities        = true
       adaptive-force-scaling     = false
       adaptive-force-scaling-time-constant = 4
grpopts:
   nrdf:     4920.79     63837.2
   ref-t:         300         300
   tau-t:         0.1         0.1
annealing:          No          No
annealing-npoints:           0           0
   acc:	           0           0           0
   nfreeze:           N           N           N
   energygrp-flags[  0]: 0

Changing nstlist from 10 to 50, rlist from 1 to 1.115


Initializing Domain Decomposition on 48 ranks
Dynamic load balancing: auto
Using update groups, nr 11645, average size 2.9 atoms, max. radius 0.103 nm
Minimum cell size due to atom displacement: 0.398 nm
Initial maximum distances in bonded interactions:
    two-body bonded interactions: 0.450 nm, LJ-14, atoms 1156 1405
  multi-body bonded interactions: 0.450 nm, Ryckaert-Bell., atoms 1156 1405
Minimum cell size due to bonded interactions: 0.495 nm
Scaling the initial minimum size with 1/0.8 (option -dds) = 1.25
Guess for relative PME load: 0.23
Will use 36 particle-particle and 12 PME only ranks
This is a guess, check the performance at the end of the log file
Using 12 separate PME ranks, as guessed by mdrun
Optimizing the DD grid for 36 cells with a minimum initial size of 0.619 nm
The maximum allowed number of cells is: X 11 Y 11 Z 11
Domain decomposition grid 4 x 3 x 3, separate PME ranks 12
PME domain decomposition: 4 x 3 x 1
Interleaving PP and PME ranks
This rank does only particle-particle work.
Domain decomposition rank 0, coordinates 0 0 0

The initial number of communication pulses is: X 1 Y 1 Z 1
The initial domain decomposition cell size is: X 1.75 nm Y 2.34 nm Z 2.34 nm

The maximum allowed distance for atom groups involved in interactions is:
                 non-bonded interactions           1.322 nm
(the following are initial values, they could change due to box deformation)
            two-body bonded interactions  (-rdd)   1.322 nm
          multi-body bonded interactions  (-rdd)   1.322 nm

When dynamic load balancing gets turned on, these settings will change to:
The maximum number of communication pulses is: X 1 Y 1 Z 1
The minimum size for domain decomposition cells is 1.322 nm
The requested allowed shrink of DD cells (option -dds) is: 0.80
The allowed shrink of domain decomposition cells is: X 0.75 Y 0.57 Z 0.57
The maximum allowed distance for atom groups involved in interactions is:
                 non-bonded interactions           1.322 nm
            two-body bonded interactions  (-rdd)   1.322 nm
          multi-body bonded interactions  (-rdd)   1.322 nm

Using 48 MPI processes

Non-default thread affinity set, disabling internal thread affinity
System total charge: -0.000
Will do PME sum in reciprocal space for electrostatic interactions.

++++ PLEASE READ AND CITE THE FOLLOWING REFERENCE ++++
U. Essmann, L. Perera, M. L. Berkowitz, T. Darden, H. Lee and L. G. Pedersen 
A smooth particle mesh Ewald method
J. Chem. Phys. 103 (1995) pp. 8577-8592
-------- -------- --- Thank You --- -------- --------

Using a Gaussian width (1/beta) of 0.320163 nm for Ewald
Potential shift: LJ r^-12: -1.000e+00 r^-6: -1.000e+00, Ewald -1.000e-05
Initialized non-bonded Ewald tables, spacing: 9.33e-04 size: 1073

Generated table with 1057 data points for 1-4 COUL.
Tabscale = 500 points/nm
Generated table with 1057 data points for 1-4 LJ6.
Tabscale = 500 points/nm
Generated table with 1057 data points for 1-4 LJ12.
Tabscale = 500 points/nm

Using SIMD 4x8 nonbonded short-range kernels

Using a dual 4x8 pair-list setup updated with dynamic pruning:
  outer list: updated every 50 steps, buffer 0.115 nm, rlist 1.115 nm
  inner list: updated every 12 steps, buffer 0.002 nm, rlist 1.002 nm
At tolerance 0.005 kJ/mol/ps per atom, equivalent classical 1x1 list would be:
  outer list: updated every 50 steps, buffer 0.243 nm, rlist 1.243 nm
  inner list: updated every 12 steps, buffer 0.047 nm, rlist 1.047 nm

Using geometric Lennard-Jones combination rule

Long Range LJ corr.: <C6> 3.1923e-04


Initializing LINear Constraint Solver

++++ PLEASE READ AND CITE THE FOLLOWING REFERENCE ++++
B. Hess and H. Bekker and H. J. C. Berendsen and J. G. E. M. Fraaije
LINCS: A Linear Constraint Solver for molecular simulations
J. Comp. Chem. 18 (1997) pp. 1463-1472
-------- -------- --- Thank You --- -------- --------

The number of constraints is 959

++++ PLEASE READ AND CITE THE FOLLOWING REFERENCE ++++
S. Miyamoto and P. A. Kollman
SETTLE: An Analytical Version of the SHAKE and RATTLE Algorithms for Rigid
Water Models
J. Comp. Chem. 13 (1992) pp. 952-962
-------- -------- --- Thank You --- -------- --------


Linking all bonded interactions to atoms

Intra-simulation communication will occur every 10 steps.

++++ PLEASE READ AND CITE THE FOLLOWING REFERENCE ++++
G. Bussi, D. Donadio and M. Parrinello
Canonical sampling through velocity rescaling
J. Chem. Phys. 126 (2007) pp. 014101
-------- -------- --- Thank You --- -------- --------

There are: 33876 Atoms
Atom distribution over 36 domains: av 941 stddev 35 min 887 max 1049
Center of mass motion removal mode is Linear
We have the following groups for center of mass motion removal:
  0:  rest

Started mdrun on rank 0 Tue Sep 27 16:38:08 2022

           Step           Time
              0        0.00000

   Energies (kJ/mol)
           Bond          Angle    Proper Dih. Ryckaert-Bell.          LJ-14
    1.45474e+03    3.87918e+03    2.54384e+02    1.92350e+03    2.70890e+03
     Coulomb-14        LJ (SR)  Disper. corr.   Coulomb (SR)   Coul. recip.
    7.74282e+03    9.00247e+04   -4.44920e+03   -6.28848e+05    2.99521e+03
 Position Rest.      Potential    Kinetic En.   Total Energy  Conserved En.
    1.25545e-01   -5.22313e+05    8.72705e+04   -4.35043e+05   -4.35022e+05
    Temperature Pres. DC (bar) Pressure (bar)   Constr. rmsd
    3.05309e+02   -2.14729e+02   -5.28574e+02    2.90279e-06


DD  step 49 load imb.: force 16.5%  pme mesh/force 0.980

step 150 Turning on dynamic load balancing, because the performance loss due to load imbalance is 2.5 %.

DD  step 499  vol min/aver 0.701  load imb.: force  7.4%  pme mesh/force 0.951
           Step           Time
            500        1.00000

   Energies (kJ/mol)
           Bond          Angle    Proper Dih. Ryckaert-Bell.          LJ-14
    1.61786e+03    3.78923e+03    2.41562e+02    1.82464e+03    2.62395e+03
     Coulomb-14        LJ (SR)  Disper. corr.   Coulomb (SR)   Coul. recip.
    7.74619e+03    9.42591e+04   -4.56232e+03   -6.35319e+05    2.86014e+03
 Position Rest.      Potential    Kinetic En.   Total Energy  Conserved En.
    4.43452e+02   -5.24475e+05    8.53273e+04   -4.39148e+05   -4.34971e+05
    Temperature Pres. DC (bar) Pressure (bar)   Constr. rmsd
    2.98511e+02   -2.25773e+02   -9.89430e+00    2.76829e-06


DD  step 999  vol min/aver 0.658  load imb.: force  3.8%  pme mesh/force 0.987
           Step           Time
           1000        2.00000

   Energies (kJ/mol)
           Bond          Angle    Proper Dih. Ryckaert-Bell.          LJ-14
    1.41429e+03    3.64444e+03    2.62027e+02    1.86475e+03    2.73129e+03
     Coulomb-14        LJ (SR)  Disper. corr.   Coulomb (SR)   Coul. recip.
    7.67579e+03    9.34521e+04   -4.56121e+03   -6.35024e+05    2.80632e+03
 Position Rest.      Potential    Kinetic En.   Total Energy  Conserved En.
    4.31749e+02   -5.25302e+05    8.63495e+04   -4.38953e+05   -4.34997e+05
    Temperature Pres. DC (bar) Pressure (bar)   Constr. rmsd
    3.02087e+02   -2.25662e+02    9.76286e+00    3.08959e-06


DD  step 1499  vol min/aver 0.652  load imb.: force  3.7%  pme mesh/force 1.000
           Step           Time
           1500        3.00000

   Energies (kJ/mol)
           Bond          Angle    Proper Dih. Ryckaert-Bell.          LJ-14
    1.33988e+03    3.79669e+03    2.37486e+02    1.73741e+03    2.70023e+03
     Coulomb-14        LJ (SR)  Disper. corr.   Coulomb (SR)   Coul. recip.
    7.68569e+03    9.44191e+04   -4.58763e+03   -6.35881e+05    2.85362e+03
 Position Rest.      Potential    Kinetic En.   Total Energy  Conserved En.
    4.44521e+02   -5.25254e+05    8.56237e+04   -4.39631e+05   -4.34984e+05
    Temperature Pres. DC (bar) Pressure (bar)   Constr. rmsd
    2.99548e+02   -2.28281e+02    3.71392e+02    2.97113e-06


DD  step 1999  vol min/aver 0.647  load imb.: force  3.2%  pme mesh/force 0.984
           Step           Time
           2000        4.00000

   Energies (kJ/mol)
           Bond          Angle    Proper Dih. Ryckaert-Bell.          LJ-14
    1.55382e+03    3.61369e+03    2.36463e+02    1.80065e+03    2.67678e+03
     Coulomb-14        LJ (SR)  Disper. corr.   Coulomb (SR)   Coul. recip.
    7.76601e+03    9.26436e+04   -4.56069e+03   -6.33862e+05    2.96347e+03
 Position Rest.      Potential    Kinetic En.   Total Energy  Conserved En.
    4.73678e+02   -5.24694e+05    8.56328e+04   -4.39061e+05   -4.34977e+05
    Temperature Pres. DC (bar) Pressure (bar)   Constr. rmsd
    2.99580e+02   -2.25611e+02   -2.13462e+02    3.11805e-06


DD  step 2499  vol min/aver 0.638  load imb.: force  2.3%  pme mesh/force 0.982
           Step           Time
           2500        5.00000

   Energies (kJ/mol)
           Bond          Angle    Proper Dih. Ryckaert-Bell.          LJ-14
    1.39301e+03    3.94945e+03    2.04609e+02    1.81429e+03    2.77842e+03
     Coulomb-14        LJ (SR)  Disper. corr.   Coulomb (SR)   Coul. recip.
    7.89249e+03    9.26894e+04   -4.54773e+03   -6.33829e+05    2.91490e+03
 Position Rest.      Potential    Kinetic En.   Total Energy  Conserved En.
    4.86514e+02   -5.24254e+05    8.57901e+04   -4.38463e+05   -4.34961e+05
    Temperature Pres. DC (bar) Pressure (bar)   Constr. rmsd
    3.00130e+02   -2.24333e+02   -8.55789e+01    2.72806e-06


DD  step 2999  vol min/aver 0.643  load imb.: force  3.1%  pme mesh/force 0.985
           Step           Time
           3000        6.00000

   Energies (kJ/mol)
           Bond          Angle    Proper Dih. Ryckaert-Bell.          LJ-14
    1.40579e+03    3.74388e+03    2.33787e+02    1.81353e+03    2.68896e+03
     Coulomb-14        LJ (SR)  Disper. corr.   Coulomb (SR)   Coul. recip.
    7.79315e+03    9.47418e+04   -4.56371e+03   -6.35579e+05    2.87806e+03
 Position Rest.      Potential    Kinetic En.   Total Energy  Conserved En.
    4.66007e+02   -5.24378e+05    8.56912e+04   -4.38686e+05   -4.34965e+05
    Temperature Pres. DC (bar) Pressure (bar)   Constr. rmsd
    2.99784e+02   -2.25910e+02    1.56435e+02    2.95321e-06


DD  step 3499  vol min/aver 0.625  load imb.: force  5.4%  pme mesh/force 0.983
           Step           Time
           3500        7.00000

   Energies (kJ/mol)
           Bond          Angle    Proper Dih. Ryckaert-Bell.          LJ-14
    1.41805e+03    3.72263e+03    2.46254e+02    1.78093e+03    2.68781e+03
     Coulomb-14        LJ (SR)  Disper. corr.   Coulomb (SR)   Coul. recip.
    7.81136e+03    9.26537e+04   -4.54613e+03   -6.33820e+05    2.89825e+03
 Position Rest.      Potential    Kinetic En.   Total Energy  Conserved En.
    4.83240e+02   -5.24664e+05    8.53430e+04   -4.39321e+05   -4.34970e+05
    Temperature Pres. DC (bar) Pressure (bar)   Constr. rmsd
    2.98566e+02   -2.24175e+02   -2.27956e+02    2.73355e-06


DD  step 3999  vol min/aver 0.642  load imb.: force  2.9%  pme mesh/force 1.034
           Step           Time
           4000        8.00000

   Energies (kJ/mol)
           Bond          Angle    Proper Dih. Ryckaert-Bell.          LJ-14
    1.42444e+03    3.68668e+03    2.44682e+02    1.87181e+03    2.66052e+03
     Coulomb-14        LJ (SR)  Disper. corr.   Coulomb (SR)   Coul. recip.
    7.70933e+03    9.29402e+04   -4.56421e+03   -6.34086e+05    2.84963e+03
 Position Rest.      Potential    Kinetic En.   Total Energy  Conserved En.
    4.96630e+02   -5.24767e+05    8.58546e+04   -4.38912e+05   -4.34984e+05
    Temperature Pres. DC (bar) Pressure (bar)   Constr. rmsd
    3.00356e+02   -2.25959e+02   -1.64182e+02    2.88562e-06


DD  step 4499  vol min/aver 0.639  load imb.: force  3.4%  pme mesh/force 0.985
           Step           Time
           4500        9.00000

   Energies (kJ/mol)
           Bond          Angle    Proper Dih. Ryckaert-Bell.          LJ-14
    1.43706e+03    3.75790e+03    2.84064e+02    1.89353e+03    2.67520e+03
     Coulomb-14        LJ (SR)  Disper. corr.   Coulomb (SR)   Coul. recip.
    7.74352e+03    9.26710e+04   -4.55960e+03   -6.33903e+05    2.93045e+03
 Position Rest.      Potential    Kinetic En.   Total Energy  Conserved En.
    4.41925e+02   -5.24628e+05    8.50608e+04   -4.39567e+05   -4.34975e+05
    Temperature Pres. DC (bar) Pressure (bar)   Constr. rmsd
    2.97579e+02   -2.25504e+02   -1.98395e+02    2.81156e-06


DD  step 4999  vol min/aver 0.651  load imb.: force  3.5%  pme mesh/force 0.982
           Step           Time
           5000       10.00000

   Energies (kJ/mol)
           Bond          Angle    Proper Dih. Ryckaert-Bell.          LJ-14
    1.42516e+03    3.66490e+03    2.38451e+02    1.92422e+03    2.77513e+03
     Coulomb-14        LJ (SR)  Disper. corr.   Coulomb (SR)   Coul. recip.
    7.83967e+03    9.33101e+04   -4.56235e+03   -6.34723e+05    2.87859e+03
 Position Rest.      Potential    Kinetic En.   Total Energy  Conserved En.
    4.15050e+02   -5.24814e+05    8.57637e+04   -4.39051e+05   -4.34972e+05
    Temperature Pres. DC (bar) Pressure (bar)   Constr. rmsd
    3.00038e+02   -2.25775e+02    8.95010e+01    2.88173e-06


DD  step 5499  vol min/aver 0.643  load imb.: force  4.0%  pme mesh/force 0.982
           Step           Time
           5500       11.00000

   Energies (kJ/mol)
           Bond          Angle    Proper Dih. Ryckaert-Bell.          LJ-14
    1.45521e+03    3.79025e+03    2.66329e+02    1.84164e+03    2.68267e+03
     Coulomb-14        LJ (SR)  Disper. corr.   Coulomb (SR)   Coul. recip.
    7.75919e+03    9.38958e+04   -4.57560e+03   -6.35597e+05    3.02293e+03
 Position Rest.      Potential    Kinetic En.   Total Energy  Conserved En.
    4.14686e+02   -5.25044e+05    8.61995e+04   -4.38844e+05   -4.34963e+05
    Temperature Pres. DC (bar) Pressure (bar)   Constr. rmsd
    3.01563e+02   -2.27087e+02    2.92588e+01    3.08383e-06


DD  step 5999  vol min/aver 0.651  load imb.: force  3.4%  pme mesh/force 0.985
           Step           Time
           6000       12.00000

   Energies (kJ/mol)
           Bond          Angle    Proper Dih. Ryckaert-Bell.          LJ-14
    1.46159e+03    3.69793e+03    2.56351e+02    1.85086e+03    2.60461e+03
     Coulomb-14        LJ (SR)  Disper. corr.   Coulomb (SR)   Coul. recip.
    7.73405e+03    9.52155e+04   -4.56755e+03   -6.37760e+05    2.88279e+03
 Position Rest.      Potential    Kinetic En.   Total Energy  Conserved En.
    4.33918e+02   -5.26190e+05    8.62277e+04   -4.39962e+05   -4.34956e+05
    Temperature Pres. DC (bar) Pressure (bar)   Constr. rmsd
    3.01661e+02   -2.26289e+02    1.53648e+02    3.19019e-06


DD  step 6499  vol min/aver 0.648  load imb.: force  3.8%  pme mesh/force 0.977
           Step           Time
           6500       13.00000

   Energies (kJ/mol)
           Bond          Angle    Proper Dih. Ryckaert-Bell.          LJ-14
    1.44261e+03    3.84274e+03    2.52934e+02    1.81016e+03    2.69485e+03
     Coulomb-14        LJ (SR)  Disper. corr.   Coulomb (SR)   Coul. recip.
    7.78373e+03    9.39602e+04   -4.55807e+03   -6.35420e+05    2.99217e+03
 Position Rest.      Potential    Kinetic En.   Total Energy  Conserved En.
    4.13004e+02   -5.24785e+05    8.55710e+04   -4.39214e+05   -4.34947e+05
    Temperature Pres. DC (bar) Pressure (bar)   Constr. rmsd
    2.99364e+02   -2.25353e+02    4.35831e+01    2.71166e-06


DD  step 6999  vol min/aver 0.646  load imb.: force  3.5%  pme mesh/force 0.980
           Step           Time
           7000       14.00000

   Energies (kJ/mol)
           Bond          Angle    Proper Dih. Ryckaert-Bell.          LJ-14
    1.40578e+03    3.59011e+03    2.25254e+02    1.85617e+03    2.76803e+03
     Coulomb-14        LJ (SR)  Disper. corr.   Coulomb (SR)   Coul. recip.
    7.73366e+03    9.42006e+04   -4.58664e+03   -6.36107e+05    2.90616e+03
 Position Rest.      Potential    Kinetic En.   Total Energy  Conserved En.
    4.10880e+02   -5.25597e+05    8.52511e+04   -4.40346e+05   -4.34954e+05
    Temperature Pres. DC (bar) Pressure (bar)   Constr. rmsd
    2.98245e+02   -2.28183e+02    1.55313e+02    2.91682e-06


DD  step 7499  vol min/aver 0.646  load imb.: force  2.7%  pme mesh/force 0.977
           Step           Time
           7500       15.00000

   Energies (kJ/mol)
           Bond          Angle    Proper Dih. Ryckaert-Bell.          LJ-14
    1.54794e+03    3.89259e+03    2.56663e+02    1.91392e+03    2.64981e+03
     Coulomb-14        LJ (SR)  Disper. corr.   Coulomb (SR)   Coul. recip.
    7.68464e+03    9.26808e+04   -4.56459e+03   -6.31938e+05    2.98156e+03
 Position Rest.      Potential    Kinetic En.   Total Energy  Conserved En.
    4.64369e+02   -5.22430e+05    8.59196e+04   -4.36511e+05   -4.34928e+05
    Temperature Pres. DC (bar) Pressure (bar)   Constr. rmsd
    3.00583e+02   -2.25997e+02    6.50865e+01    2.89093e-06


DD  step 7999  vol min/aver 0.654  load imb.: force  3.4%  pme mesh/force 0.984
           Step           Time
           8000       16.00000

   Energies (kJ/mol)
           Bond          Angle    Proper Dih. Ryckaert-Bell.          LJ-14
    1.35960e+03    3.83722e+03    2.36469e+02    1.74997e+03    2.68418e+03
     Coulomb-14        LJ (SR)  Disper. corr.   Coulomb (SR)   Coul. recip.
    7.73029e+03    9.40282e+04   -4.57083e+03   -6.35365e+05    2.91747e+03
 Position Rest.      Potential    Kinetic En.   Total Energy  Conserved En.
    4.69918e+02   -5.24923e+05    8.52879e+04   -4.39635e+05   -4.34947e+05
    Temperature Pres. DC (bar) Pressure (bar)   Constr. rmsd
    2.98373e+02   -2.26614e+02    1.69336e+02    3.20453e-06


DD  step 8499  vol min/aver 0.640  load imb.: force  3.8%  pme mesh/force 0.986
           Step           Time
           8500       17.00000

   Energies (kJ/mol)
           Bond          Angle    Proper Dih. Ryckaert-Bell.          LJ-14
    1.38147e+03    3.80161e+03    2.30847e+02    1.77123e+03    2.66086e+03
     Coulomb-14        LJ (SR)  Disper. corr.   Coulomb (SR)   Coul. recip.
    7.70932e+03    9.28416e+04   -4.56816e+03   -6.33180e+05    2.90053e+03
 Position Rest.      Potential    Kinetic En.   Total Energy  Conserved En.
    5.17069e+02   -5.23934e+05    8.57234e+04   -4.38211e+05   -4.34957e+05
    Temperature Pres. DC (bar) Pressure (bar)   Constr. rmsd
    2.99897e+02   -2.26350e+02   -1.11078e+02    3.19391e-06


DD  step 8999  vol min/aver 0.646  load imb.: force  3.8%  pme mesh/force 0.994
           Step           Time
           9000       18.00000

   Energies (kJ/mol)
           Bond          Angle    Proper Dih. Ryckaert-Bell.          LJ-14
    1.48827e+03    3.68074e+03    2.27010e+02    1.89681e+03    2.73750e+03
     Coulomb-14        LJ (SR)  Disper. corr.   Coulomb (SR)   Coul. recip.
    7.75723e+03    9.38136e+04   -4.56119e+03   -6.34577e+05    2.86270e+03
 Position Rest.      Potential    Kinetic En.   Total Energy  Conserved En.
    4.94807e+02   -5.24180e+05    8.64329e+04   -4.37747e+05   -4.34961e+05
    Temperature Pres. DC (bar) Pressure (bar)   Constr. rmsd
    3.02379e+02   -2.25661e+02    2.47431e+02    2.95126e-06


DD  step 9499  vol min/aver 0.670  load imb.: force  5.0%  pme mesh/force 0.981
           Step           Time
           9500       19.00000

   Energies (kJ/mol)
           Bond          Angle    Proper Dih. Ryckaert-Bell.          LJ-14
    1.36685e+03    3.80001e+03    2.12904e+02    1.79763e+03    2.74304e+03
     Coulomb-14        LJ (SR)  Disper. corr.   Coulomb (SR)   Coul. recip.
    7.77574e+03    9.35758e+04   -4.54895e+03   -6.35365e+05    2.96911e+03
 Position Rest.      Potential    Kinetic En.   Total Energy  Conserved En.
    5.10777e+02   -5.25162e+05    8.57350e+04   -4.39427e+05   -4.34940e+05
    Temperature Pres. DC (bar) Pressure (bar)   Constr. rmsd
    2.99937e+02   -2.24452e+02    4.69044e+00    2.75155e-06


DD  step 9999  vol min/aver 0.655  load imb.: force  3.1%  pme mesh/force 0.986
           Step           Time
          10000       20.00000

   Energies (kJ/mol)
           Bond          Angle    Proper Dih. Ryckaert-Bell.          LJ-14
    1.40873e+03    3.71658e+03    2.38654e+02    1.76971e+03    2.69689e+03
     Coulomb-14        LJ (SR)  Disper. corr.   Coulomb (SR)   Coul. recip.
    7.78016e+03    9.47884e+04   -4.55850e+03   -6.37669e+05    2.93282e+03
 Position Rest.      Potential    Kinetic En.   Total Energy  Conserved En.
    4.70403e+02   -5.26425e+05    8.54432e+04   -4.40982e+05   -4.34947e+05
    Temperature Pres. DC (bar) Pressure (bar)   Constr. rmsd
    2.98917e+02   -2.25394e+02    1.40896e+02    2.96146e-06


DD  step 10499  vol min/aver 0.662  load imb.: force  9.2%  pme mesh/force 0.999
           Step           Time
          10500       21.00000

   Energies (kJ/mol)
           Bond          Angle    Proper Dih. Ryckaert-Bell.          LJ-14
    1.34679e+03    3.73971e+03    2.58933e+02    1.80486e+03    2.72387e+03
     Coulomb-14        LJ (SR)  Disper. corr.   Coulomb (SR)   Coul. recip.
    7.73309e+03    9.38439e+04   -4.56849e+03   -6.35757e+05    2.88585e+03
 Position Rest.      Potential    Kinetic En.   Total Energy  Conserved En.
    4.43848e+02   -5.25544e+05    8.55658e+04   -4.39979e+05   -4.34948e+05
    Temperature Pres. DC (bar) Pressure (bar)   Constr. rmsd
    2.99346e+02   -2.26382e+02    3.06515e+01    2.57332e-06


DD  step 10999  vol min/aver 0.650  load imb.: force  3.1%  pme mesh/force 0.990
           Step           Time
          11000       22.00000

   Energies (kJ/mol)
           Bond          Angle    Proper Dih. Ryckaert-Bell.          LJ-14
    1.53233e+03    3.61963e+03    2.49414e+02    1.79274e+03    2.66612e+03
     Coulomb-14        LJ (SR)  Disper. corr.   Coulomb (SR)   Coul. recip.
    7.78140e+03    9.32141e+04   -4.55254e+03   -6.33463e+05    2.94216e+03
 Position Rest.      Potential    Kinetic En.   Total Energy  Conserved En.
    4.80602e+02   -5.23737e+05    8.65719e+04   -4.37165e+05   -4.34950e+05
    Temperature Pres. DC (bar) Pressure (bar)   Constr. rmsd
    3.02865e+02   -2.24806e+02   -7.27559e+01    3.24522e-06


DD  step 11499  vol min/aver 0.638  load imb.: force  6.7%  pme mesh/force 1.013
           Step           Time
          11500       23.00000

   Energies (kJ/mol)
           Bond          Angle    Proper Dih. Ryckaert-Bell.          LJ-14
    1.55840e+03    3.70880e+03    2.67014e+02    1.88683e+03    2.65178e+03
     Coulomb-14        LJ (SR)  Disper. corr.   Coulomb (SR)   Coul. recip.
    7.69388e+03    9.40290e+04   -4.56329e+03   -6.34086e+05    2.95138e+03
 Position Rest.      Potential    Kinetic En.   Total Energy  Conserved En.
    4.73564e+02   -5.23428e+05    8.66028e+04   -4.36825e+05   -4.34962e+05
    Temperature Pres. DC (bar) Pressure (bar)   Constr. rmsd
    3.02974e+02   -2.25868e+02    2.72396e+01    2.66055e-06


DD  step 11999  vol min/aver 0.566  load imb.: force  9.7%  pme mesh/force 1.607

step 12000 Turning off dynamic load balancing, because it is degrading performance.
Atom distribution over 36 domains: av 941 stddev 27 min 891 max 1010
           Step           Time
          12000       24.00000

   Energies (kJ/mol)
           Bond          Angle    Proper Dih. Ryckaert-Bell.          LJ-14
    1.37688e+03    3.64365e+03    2.25160e+02    1.84898e+03    2.62648e+03
     Coulomb-14        LJ (SR)  Disper. corr.   Coulomb (SR)   Coul. recip.
    7.78643e+03    9.47235e+04   -4.55376e+03   -6.35246e+05    2.97255e+03
 Position Rest.      Potential    Kinetic En.   Total Energy  Conserved En.
    4.59011e+02   -5.24138e+05    8.53830e+04   -4.38754e+05   -4.34942e+05
    Temperature Pres. DC (bar) Pressure (bar)   Constr. rmsd
    2.98706e+02   -2.24927e+02    9.94519e+01    2.52318e-06


DD  step 12499 load imb.: force 70.1%  pme mesh/force 0.971
           Step           Time
          12500       25.00000

   Energies (kJ/mol)
           Bond          Angle    Proper Dih. Ryckaert-Bell.          LJ-14
    1.47849e+03    3.82254e+03    2.43641e+02    1.76739e+03    2.64159e+03
     Coulomb-14        LJ (SR)  Disper. corr.   Coulomb (SR)   Coul. recip.
    7.71767e+03    9.43976e+04   -4.53581e+03   -6.34927e+05    2.94876e+03
 Position Rest.      Potential    Kinetic En.   Total Energy  Conserved En.
    4.30525e+02   -5.24015e+05    8.63070e+04   -4.37708e+05   -4.34944e+05
    Temperature Pres. DC (bar) Pressure (bar)   Constr. rmsd
    3.01939e+02   -2.23159e+02    1.05655e+02    3.07577e-06


DD  step 12999 load imb.: force 14.6%  pme mesh/force 0.978
           Step           Time
          13000       26.00000

   Energies (kJ/mol)
           Bond          Angle    Proper Dih. Ryckaert-Bell.          LJ-14
    1.48505e+03    3.91442e+03    2.67490e+02    1.90265e+03    2.70540e+03
     Coulomb-14        LJ (SR)  Disper. corr.   Coulomb (SR)   Coul. recip.
    7.67400e+03    9.28997e+04   -4.53963e+03   -6.33712e+05    2.86235e+03
 Position Rest.      Potential    Kinetic En.   Total Energy  Conserved En.
    4.51082e+02   -5.24089e+05    8.64328e+04   -4.37656e+05   -4.34946e+05
    Temperature Pres. DC (bar) Pressure (bar)   Constr. rmsd
    3.02379e+02   -2.23535e+02   -2.53936e+02    3.02372e-06


DD  step 13499 load imb.: force 12.6%  pme mesh/force 0.948
           Step           Time
          13500       27.00000

   Energies (kJ/mol)
           Bond          Angle    Proper Dih. Ryckaert-Bell.          LJ-14
    1.46053e+03    3.81980e+03    2.40243e+02    1.83058e+03    2.64378e+03
     Coulomb-14        LJ (SR)  Disper. corr.   Coulomb (SR)   Coul. recip.
    7.63288e+03    9.32141e+04   -4.56372e+03   -6.34122e+05    2.92849e+03
 Position Rest.      Potential    Kinetic En.   Total Energy  Conserved En.
    4.47391e+02   -5.24468e+05    8.50035e+04   -4.39464e+05   -4.34918e+05
    Temperature Pres. DC (bar) Pressure (bar)   Constr. rmsd
    2.97379e+02   -2.25910e+02   -1.61965e+02    2.76780e-06


DD  step 13999 load imb.: force 13.2%  pme mesh/force 0.940
           Step           Time
          14000       28.00000

   Energies (kJ/mol)
           Bond          Angle    Proper Dih. Ryckaert-Bell.          LJ-14
    1.50593e+03    3.75659e+03    2.50929e+02    1.82549e+03    2.66130e+03
     Coulomb-14        LJ (SR)  Disper. corr.   Coulomb (SR)   Coul. recip.
    7.70236e+03    9.41496e+04   -4.56215e+03   -6.34720e+05    3.00229e+03
 Position Rest.      Potential    Kinetic En.   Total Energy  Conserved En.
    4.47301e+02   -5.23980e+05    8.50851e+04   -4.38895e+05   -4.34914e+05
    Temperature Pres. DC (bar) Pressure (bar)   Constr. rmsd
    2.97664e+02   -2.25755e+02    6.36760e+01    2.90881e-06


DD  step 14499 load imb.: force 15.3%  pme mesh/force 0.947
           Step           Time
          14500       29.00000

   Energies (kJ/mol)
           Bond          Angle    Proper Dih. Ryckaert-Bell.          LJ-14
    1.58654e+03    3.68522e+03    2.28898e+02    1.79801e+03    2.66605e+03
     Coulomb-14        LJ (SR)  Disper. corr.   Coulomb (SR)   Coul. recip.
    7.70597e+03    9.39070e+04   -4.56477e+03   -6.35939e+05    2.90394e+03
 Position Rest.      Potential    Kinetic En.   Total Energy  Conserved En.
    4.45910e+02   -5.25576e+05    8.61449e+04   -4.39431e+05   -4.34924e+05
    Temperature Pres. DC (bar) Pressure (bar)   Constr. rmsd
    3.01371e+02   -2.26015e+02   -6.48493e+01    2.56886e-06


DD  step 14999 load imb.: force 12.0%  pme mesh/force 0.933
           Step           Time
          15000       30.00000

   Energies (kJ/mol)
           Bond          Angle    Proper Dih. Ryckaert-Bell.          LJ-14
    1.29995e+03    3.86194e+03    2.57148e+02    1.74770e+03    2.64993e+03
     Coulomb-14        LJ (SR)  Disper. corr.   Coulomb (SR)   Coul. recip.
    7.70257e+03    9.36243e+04   -4.56272e+03   -6.34768e+05    3.01318e+03
 Position Rest.      Potential    Kinetic En.   Total Energy  Conserved En.
    4.67503e+02   -5.24706e+05    8.53792e+04   -4.39327e+05   -4.34942e+05
    Temperature Pres. DC (bar) Pressure (bar)   Constr. rmsd
    2.98693e+02   -2.25812e+02   -5.44610e+01    2.85513e-06


DD  step 15499 load imb.: force 12.8%  pme mesh/force 0.931
           Step           Time
          15500       31.00000

   Energies (kJ/mol)
           Bond          Angle    Proper Dih. Ryckaert-Bell.          LJ-14
    1.37351e+03    3.71419e+03    2.51377e+02    1.76719e+03    2.72995e+03
     Coulomb-14        LJ (SR)  Disper. corr.   Coulomb (SR)   Coul. recip.
    7.82446e+03    9.37264e+04   -4.56779e+03   -6.34999e+05    2.91935e+03
 Position Rest.      Potential    Kinetic En.   Total Energy  Conserved En.
    4.70739e+02   -5.24789e+05    8.51587e+04   -4.39631e+05   -4.34922e+05
    Temperature Pres. DC (bar) Pressure (bar)   Constr. rmsd
    2.97921e+02   -2.26313e+02    1.42554e+02    2.75530e-06


DD  step 15999 load imb.: force 14.0%  pme mesh/force 0.942
           Step           Time
          16000       32.00000

   Energies (kJ/mol)
           Bond          Angle    Proper Dih. Ryckaert-Bell.          LJ-14
    1.42575e+03    3.85818e+03    2.89800e+02    1.86156e+03    2.65653e+03
     Coulomb-14        LJ (SR)  Disper. corr.   Coulomb (SR)   Coul. recip.
    7.81582e+03    9.38616e+04   -4.55860e+03   -6.33995e+05    2.96184e+03
 Position Rest.      Potential    Kinetic En.   Total Energy  Conserved En.
    5.23391e+02   -5.23299e+05    8.63136e+04   -4.36985e+05   -4.34932e+05
    Temperature Pres. DC (bar) Pressure (bar)   Constr. rmsd
    3.01962e+02   -2.25405e+02    2.98320e+01    3.05918e-06


DD  step 16499 load imb.: force 13.5%  pme mesh/force 0.942
           Step           Time
          16500       33.00000

   Energies (kJ/mol)
           Bond          Angle    Proper Dih. Ryckaert-Bell.          LJ-14
    1.52311e+03    3.66055e+03    2.57007e+02    1.88204e+03    2.57252e+03
     Coulomb-14        LJ (SR)  Disper. corr.   Coulomb (SR)   Coul. recip.
    7.67046e+03    9.14880e+04   -4.56219e+03   -6.31923e+05    2.97600e+03
 Position Rest.      Potential    Kinetic En.   Total Energy  Conserved En.
    4.30578e+02   -5.24025e+05    8.57226e+04   -4.38303e+05   -4.34920e+05
    Temperature Pres. DC (bar) Pressure (bar)   Constr. rmsd
    2.99894e+02   -2.25760e+02   -4.21399e+02    3.08243e-06


DD  step 16999 load imb.: force 13.6%  pme mesh/force 0.940
           Step           Time
          17000       34.00000

   Energies (kJ/mol)
           Bond          Angle    Proper Dih. Ryckaert-Bell.          LJ-14
    1.46429e+03    3.59236e+03    2.44617e+02    1.86826e+03    2.72943e+03
     Coulomb-14        LJ (SR)  Disper. corr.   Coulomb (SR)   Coul. recip.
    7.72964e+03    9.32079e+04   -4.56257e+03   -6.33859e+05    2.95794e+03
 Position Rest.      Potential    Kinetic En.   Total Energy  Conserved En.
    5.34747e+02   -5.24092e+05    8.53218e+04   -4.38770e+05   -4.34909e+05
    Temperature Pres. DC (bar) Pressure (bar)   Constr. rmsd
    2.98492e+02   -2.25797e+02    1.52282e+02    3.11918e-06


DD  step 17499 load imb.: force 14.5%  pme mesh/force 0.945
           Step           Time
          17500       35.00000

   Energies (kJ/mol)
           Bond          Angle    Proper Dih. Ryckaert-Bell.          LJ-14
    1.48308e+03    3.75737e+03    2.42620e+02    1.81192e+03    2.65727e+03
     Coulomb-14        LJ (SR)  Disper. corr.   Coulomb (SR)   Coul. recip.
    7.76023e+03    9.56299e+04   -4.56504e+03   -6.37207e+05    2.99403e+03
 Position Rest.      Potential    Kinetic En.   Total Energy  Conserved En.
    5.23683e+02   -5.24912e+05    8.53925e+04   -4.39519e+05   -4.34906e+05
    Temperature Pres. DC (bar) Pressure (bar)   Constr. rmsd
    2.98739e+02   -2.26041e+02    2.28474e+02    2.79476e-06


DD  step 17999 load imb.: force 14.3%  pme mesh/force 0.943
           Step           Time
          18000       36.00000

   Energies (kJ/mol)
           Bond          Angle    Proper Dih. Ryckaert-Bell.          LJ-14
    1.43568e+03    3.78170e+03    2.39708e+02    1.87870e+03    2.76401e+03
     Coulomb-14        LJ (SR)  Disper. corr.   Coulomb (SR)   Coul. recip.
    7.73344e+03    9.42055e+04   -4.55981e+03   -6.34562e+05    2.94393e+03
 Position Rest.      Potential    Kinetic En.   Total Energy  Conserved En.
    4.73576e+02   -5.23665e+05    8.66825e+04   -4.36983e+05   -4.34917e+05
    Temperature Pres. DC (bar) Pressure (bar)   Constr. rmsd
    3.03252e+02   -2.25524e+02    2.39608e+02    3.10586e-06


DD  step 18499 load imb.: force 14.3%  pme mesh/force 0.940
           Step           Time
          18500       37.00000

   Energies (kJ/mol)
           Bond          Angle    Proper Dih. Ryckaert-Bell.          LJ-14
    1.31942e+03    3.79042e+03    2.48561e+02    1.82173e+03    2.65606e+03
     Coulomb-14        LJ (SR)  Disper. corr.   Coulomb (SR)   Coul. recip.
    7.71028e+03    9.29685e+04   -4.55395e+03   -6.33523e+05    2.96707e+03
 Position Rest.      Potential    Kinetic En.   Total Energy  Conserved En.
    4.76506e+02   -5.24118e+05    8.55992e+04   -4.38519e+05   -4.34938e+05
    Temperature Pres. DC (bar) Pressure (bar)   Constr. rmsd
    2.99462e+02   -2.24946e+02   -1.02502e+02    3.20419e-06


DD  step 18999 load imb.: force 12.8%  pme mesh/force 0.939
           Step           Time
          19000       38.00000

   Energies (kJ/mol)
           Bond          Angle    Proper Dih. Ryckaert-Bell.          LJ-14
    1.43892e+03    3.62903e+03    3.06201e+02    1.85314e+03    2.73311e+03
     Coulomb-14        LJ (SR)  Disper. corr.   Coulomb (SR)   Coul. recip.
    7.84185e+03    9.32492e+04   -4.55002e+03   -6.35154e+05    2.89328e+03
 Position Rest.      Potential    Kinetic En.   Total Energy  Conserved En.
    4.66119e+02   -5.25293e+05    8.57025e+04   -4.39591e+05   -4.34929e+05
    Temperature Pres. DC (bar) Pressure (bar)   Constr. rmsd
    2.99824e+02   -2.24558e+02   -1.11500e+02    2.88391e-06


DD  step 19499 load imb.: force 13.7%  pme mesh/force 0.943
           Step           Time
          19500       39.00000

   Energies (kJ/mol)
           Bond          Angle    Proper Dih. Ryckaert-Bell.          LJ-14
    1.51512e+03    3.80208e+03    2.56200e+02    1.86897e+03    2.63676e+03
     Coulomb-14        LJ (SR)  Disper. corr.   Coulomb (SR)   Coul. recip.
    7.69881e+03    9.44070e+04   -4.57351e+03   -6.35657e+05    2.96444e+03
 Position Rest.      Potential    Kinetic En.   Total Energy  Conserved En.
    4.90809e+02   -5.24591e+05    8.65914e+04   -4.37999e+05   -4.34921e+05
    Temperature Pres. DC (bar) Pressure (bar)   Constr. rmsd
    3.02933e+02   -2.26880e+02    1.18574e+02    2.93323e-06


DD  step 19999 load imb.: force 14.7%  pme mesh/force 0.934

step 20000 Turning on dynamic load balancing, because the performance loss due to load imbalance is 4.4 %.
           Step           Time
          20000       40.00000

   Energies (kJ/mol)
           Bond          Angle    Proper Dih. Ryckaert-Bell.          LJ-14
    1.47630e+03    3.68634e+03    2.54503e+02    1.72982e+03    2.72779e+03
     Coulomb-14        LJ (SR)  Disper. corr.   Coulomb (SR)   Coul. recip.
    7.71770e+03    9.35032e+04   -4.55243e+03   -6.34716e+05    2.96635e+03
 Position Rest.      Potential    Kinetic En.   Total Energy  Conserved En.
    4.66334e+02   -5.24740e+05    8.64501e+04   -4.38290e+05   -4.34924e+05
    Temperature Pres. DC (bar) Pressure (bar)   Constr. rmsd
    3.02439e+02   -2.24795e+02   -4.18491e+01    2.58997e-06


DD  step 20499  vol min/aver 0.647  load imb.: force 10.5%  pme mesh/force 0.979
           Step           Time
          20500       41.00000

   Energies (kJ/mol)
           Bond          Angle    Proper Dih. Ryckaert-Bell.          LJ-14
    1.38463e+03    3.77320e+03    2.59980e+02    1.88977e+03    2.59136e+03
     Coulomb-14        LJ (SR)  Disper. corr.   Coulomb (SR)   Coul. recip.
    7.80251e+03    9.31964e+04   -4.54949e+03   -6.34042e+05    3.04550e+03
 Position Rest.      Potential    Kinetic En.   Total Energy  Conserved En.
    4.65910e+02   -5.24182e+05    8.54237e+04   -4.38759e+05   -4.34905e+05
    Temperature Pres. DC (bar) Pressure (bar)   Constr. rmsd
    2.98848e+02   -2.24506e+02   -1.98111e+02    2.96204e-06


DD  step 20999  vol min/aver 0.646  load imb.: force  4.7%  pme mesh/force 0.899
           Step           Time
          21000       42.00000

   Energies (kJ/mol)
           Bond          Angle    Proper Dih. Ryckaert-Bell.          LJ-14
    1.34575e+03    3.66799e+03    2.65480e+02    1.93027e+03    2.65941e+03
     Coulomb-14        LJ (SR)  Disper. corr.   Coulomb (SR)   Coul. recip.
    7.69939e+03    9.53146e+04   -4.57700e+03   -6.37886e+05    2.90073e+03
 Position Rest.      Potential    Kinetic En.   Total Energy  Conserved En.
    5.10511e+02   -5.26169e+05    8.56193e+04   -4.40550e+05   -4.34915e+05
    Temperature Pres. DC (bar) Pressure (bar)   Constr. rmsd
    2.99533e+02   -2.27226e+02    1.70392e+02    2.86483e-06


DD  step 21499  vol min/aver 0.631  load imb.: force  3.9%  pme mesh/force 0.982
           Step           Time
          21500       43.00000

   Energies (kJ/mol)
           Bond          Angle    Proper Dih. Ryckaert-Bell.          LJ-14
    1.42071e+03    3.68405e+03    2.51226e+02    1.76438e+03    2.73963e+03
     Coulomb-14        LJ (SR)  Disper. corr.   Coulomb (SR)   Coul. recip.
    7.81073e+03    9.30809e+04   -4.54428e+03   -6.34115e+05    2.91968e+03
 Position Rest.      Potential    Kinetic En.   Total Energy  Conserved En.
    4.71287e+02   -5.24517e+05    8.57947e+04   -4.38722e+05   -4.34902e+05
    Temperature Pres. DC (bar) Pressure (bar)   Constr. rmsd
    3.00146e+02   -2.23992e+02   -1.38879e+02    2.81079e-06


DD  step 21999  vol min/aver 0.649  load imb.: force  3.7%  pme mesh/force 0.980
           Step           Time
          22000       44.00000

   Energies (kJ/mol)
           Bond          Angle    Proper Dih. Ryckaert-Bell.          LJ-14
    1.49374e+03    3.74993e+03    2.31539e+02    1.70578e+03    2.79937e+03
     Coulomb-14        LJ (SR)  Disper. corr.   Coulomb (SR)   Coul. recip.
    7.76961e+03    9.31824e+04   -4.55519e+03   -6.34240e+05    2.86061e+03
 Position Rest.      Potential    Kinetic En.   Total Energy  Conserved En.
    5.09847e+02   -5.24493e+05    8.59362e+04   -4.38557e+05   -4.34896e+05
    Temperature Pres. DC (bar) Pressure (bar)   Constr. rmsd
    3.00642e+02   -2.25068e+02    9.07144e+01    3.20798e-06


DD  step 22499  vol min/aver 0.653  load imb.: force  2.1%  pme mesh/force 0.973
           Step           Time
          22500       45.00000

   Energies (kJ/mol)
           Bond          Angle    Proper Dih. Ryckaert-Bell.          LJ-14
    1.37705e+03    3.63060e+03    2.48847e+02    1.73619e+03    2.70490e+03
     Coulomb-14        LJ (SR)  Disper. corr.   Coulomb (SR)   Coul. recip.
    7.84508e+03    9.25985e+04   -4.55531e+03   -6.34158e+05    2.95451e+03
 Position Rest.      Potential    Kinetic En.   Total Energy  Conserved En.
    4.64585e+02   -5.25153e+05    8.52123e+04   -4.39941e+05   -4.34901e+05
    Temperature Pres. DC (bar) Pressure (bar)   Constr. rmsd
    2.98109e+02   -2.25080e+02   -7.47079e+01    2.97964e-06


DD  step 22999  vol min/aver 0.605  load imb.: force  2.5%  pme mesh/force 0.998
           Step           Time
          23000       46.00000

   Energies (kJ/mol)
           Bond          Angle    Proper Dih. Ryckaert-Bell.          LJ-14
    1.38321e+03    3.76820e+03    2.75121e+02    1.87180e+03    2.69092e+03
     Coulomb-14        LJ (SR)  Disper. corr.   Coulomb (SR)   Coul. recip.
    7.78048e+03    9.38250e+04   -4.56121e+03   -6.35024e+05    2.94595e+03
 Position Rest.      Potential    Kinetic En.   Total Energy  Conserved En.
    5.06491e+02   -5.24538e+05    8.58044e+04   -4.38734e+05   -4.34890e+05
    Temperature Pres. DC (bar) Pressure (bar)   Constr. rmsd
    3.00180e+02   -2.25662e+02    1.62516e+01    2.83870e-06


DD  step 23499  vol min/aver 0.641  load imb.: force  3.3%  pme mesh/force 0.976
           Step           Time
          23500       47.00000

   Energies (kJ/mol)
           Bond          Angle    Proper Dih. Ryckaert-Bell.          LJ-14
    1.43979e+03    3.78920e+03    2.47895e+02    1.89571e+03    2.69698e+03
     Coulomb-14        LJ (SR)  Disper. corr.   Coulomb (SR)   Coul. recip.
    7.81590e+03    9.25801e+04   -4.57503e+03   -6.34233e+05    2.90829e+03
 Position Rest.      Potential    Kinetic En.   Total Energy  Conserved En.
    4.70674e+02   -5.24964e+05    8.56680e+04   -4.39296e+05   -4.34884e+05
    Temperature Pres. DC (bar) Pressure (bar)   Constr. rmsd
    2.99703e+02   -2.27031e+02   -7.46595e+01    2.73694e-06


DD  step 23999  vol min/aver 0.639  load imb.: force  3.0%  pme mesh/force 0.972
           Step           Time
          24000       48.00000

   Energies (kJ/mol)
           Bond          Angle    Proper Dih. Ryckaert-Bell.          LJ-14
    1.47207e+03    3.66129e+03    2.43974e+02    1.85818e+03    2.71416e+03
     Coulomb-14        LJ (SR)  Disper. corr.   Coulomb (SR)   Coul. recip.
    7.65234e+03    9.36479e+04   -4.56835e+03   -6.35944e+05    2.96559e+03
 Position Rest.      Potential    Kinetic En.   Total Energy  Conserved En.
    4.79400e+02   -5.25817e+05    8.51703e+04   -4.40647e+05   -4.34868e+05
    Temperature Pres. DC (bar) Pressure (bar)   Constr. rmsd
    2.97962e+02   -2.26369e+02   -1.18667e+02    2.69329e-06


DD  step 24499  vol min/aver 0.645  load imb.: force  4.7%  pme mesh/force 0.978
           Step           Time
          24500       49.00000

   Energies (kJ/mol)
           Bond          Angle    Proper Dih. Ryckaert-Bell.          LJ-14
    1.43012e+03    3.78858e+03    3.00730e+02    1.85911e+03    2.68339e+03
     Coulomb-14        LJ (SR)  Disper. corr.   Coulomb (SR)   Coul. recip.
    7.81843e+03    9.21630e+04   -4.55184e+03   -6.32355e+05    2.88605e+03
 Position Rest.      Potential    Kinetic En.   Total Energy  Conserved En.
    4.71582e+02   -5.23506e+05    8.58125e+04   -4.37693e+05   -4.34891e+05
    Temperature Pres. DC (bar) Pressure (bar)   Constr. rmsd
    3.00209e+02   -2.24738e+02   -2.12926e+02    2.90891e-06


DD  step 24999  vol min/aver 0.624  load imb.: force  3.4%  pme mesh/force 0.981
           Step           Time
          25000       50.00000

   Energies (kJ/mol)
           Bond          Angle    Proper Dih. Ryckaert-Bell.          LJ-14
    1.39072e+03    3.77085e+03    2.38613e+02    1.86122e+03    2.68251e+03
     Coulomb-14        LJ (SR)  Disper. corr.   Coulomb (SR)   Coul. recip.
    7.86694e+03    9.29579e+04   -4.56396e+03   -6.33616e+05    2.90641e+03
 Position Rest.      Potential    Kinetic En.   Total Energy  Conserved En.
    4.66985e+02   -5.24038e+05    8.61453e+04   -4.37893e+05   -4.34883e+05
    Temperature Pres. DC (bar) Pressure (bar)   Constr. rmsd
    3.01373e+02   -2.25935e+02    7.23369e+01    2.56209e-06


DD  step 25499  vol min/aver 0.665  load imb.: force  3.9%  pme mesh/force 0.986
           Step           Time
          25500       51.00000

   Energies (kJ/mol)
           Bond          Angle    Proper Dih. Ryckaert-Bell.          LJ-14
    1.43956e+03    3.74771e+03    2.36470e+02    1.82987e+03    2.64908e+03
     Coulomb-14        LJ (SR)  Disper. corr.   Coulomb (SR)   Coul. recip.
    7.71123e+03    9.31533e+04   -4.56003e+03   -6.34916e+05    2.99900e+03
 Position Rest.      Potential    Kinetic En.   Total Energy  Conserved En.
    4.74135e+02   -5.25235e+05    8.50640e+04   -4.40171e+05   -4.34868e+05
    Temperature Pres. DC (bar) Pressure (bar)   Constr. rmsd
    2.97590e+02   -2.25546e+02   -7.98673e+01    2.53423e-06


DD  step 25999  vol min/aver 0.646  load imb.: force  3.1%  pme mesh/force 1.011
           Step           Time
          26000       52.00000

   Energies (kJ/mol)
           Bond          Angle    Proper Dih. Ryckaert-Bell.          LJ-14
    1.52795e+03    3.70632e+03    3.01435e+02    1.86114e+03    2.64767e+03
     Coulomb-14        LJ (SR)  Disper. corr.   Coulomb (SR)   Coul. recip.
    7.63698e+03    9.39238e+04   -4.57402e+03   -6.35581e+05    2.92093e+03
 Position Rest.      Potential    Kinetic En.   Total Energy  Conserved En.
    4.81872e+02   -5.25147e+05    8.57295e+04   -4.39418e+05   -4.34862e+05
    Temperature Pres. DC (bar) Pressure (bar)   Constr. rmsd
    2.99918e+02   -2.26930e+02    5.60196e+01    3.15677e-06


DD  step 26499  vol min/aver 0.644  load imb.: force  5.9%  pme mesh/force 0.987
           Step           Time
          26500       53.00000

   Energies (kJ/mol)
           Bond          Angle    Proper Dih. Ryckaert-Bell.          LJ-14
    1.46497e+03    3.74557e+03    2.45198e+02    1.83215e+03    2.62831e+03
     Coulomb-14        LJ (SR)  Disper. corr.   Coulomb (SR)   Coul. recip.
    7.65601e+03    9.37411e+04   -4.55810e+03   -6.35898e+05    2.89780e+03
 Position Rest.      Potential    Kinetic En.   Total Energy  Conserved En.
    5.03540e+02   -5.25741e+05    8.54163e+04   -4.40325e+05   -4.34849e+05
    Temperature Pres. DC (bar) Pressure (bar)   Constr. rmsd
    2.98823e+02   -2.25356e+02   -1.20956e+02    2.79320e-06


DD  step 26999  vol min/aver 0.624  load imb.: force  2.4%  pme mesh/force 0.993
           Step           Time
          27000       54.00000

   Energies (kJ/mol)
           Bond          Angle    Proper Dih. Ryckaert-Bell.          LJ-14
    1.41593e+03    3.57661e+03    2.51673e+02    1.95215e+03    2.74901e+03
     Coulomb-14        LJ (SR)  Disper. corr.   Coulomb (SR)   Coul. recip.
    7.79429e+03    9.41622e+04   -4.56211e+03   -6.35000e+05    2.90293e+03
 Position Rest.      Potential    Kinetic En.   Total Energy  Conserved En.
    4.88538e+02   -5.24269e+05    8.58320e+04   -4.38437e+05   -4.34867e+05
    Temperature Pres. DC (bar) Pressure (bar)   Constr. rmsd
    3.00277e+02   -2.25752e+02    1.55414e+02    2.95520e-06


DD  step 27499  vol min/aver 0.640  load imb.: force  2.6%  pme mesh/force 0.975
           Step           Time
          27500       55.00000

   Energies (kJ/mol)
           Bond          Angle    Proper Dih. Ryckaert-Bell.          LJ-14
    1.52450e+03    3.73022e+03    2.55236e+02    1.81985e+03    2.67221e+03
     Coulomb-14        LJ (SR)  Disper. corr.   Coulomb (SR)   Coul. recip.
    7.71486e+03    9.30459e+04   -4.55894e+03   -6.33401e+05    2.99044e+03
 Position Rest.      Potential    Kinetic En.   Total Energy  Conserved En.
    5.45962e+02   -5.23661e+05    8.55126e+04   -4.38148e+05   -4.34843e+05
    Temperature Pres. DC (bar) Pressure (bar)   Constr. rmsd
    2.99160e+02   -2.25438e+02   -1.67868e+02    2.88105e-06


DD  step 27999  vol min/aver 0.632  load imb.: force  4.5%  pme mesh/force 0.981
           Step           Time
          28000       56.00000

   Energies (kJ/mol)
           Bond          Angle    Proper Dih. Ryckaert-Bell.          LJ-14
    1.49591e+03    3.86313e+03    2.47353e+02    1.88158e+03    2.67343e+03
     Coulomb-14        LJ (SR)  Disper. corr.   Coulomb (SR)   Coul. recip.
    7.72543e+03    9.40105e+04   -4.56849e+03   -6.34692e+05    2.93037e+03
 Position Rest.      Potential    Kinetic En.   Total Energy  Conserved En.
    5.26169e+02   -5.23907e+05    8.65629e+04   -4.37344e+05   -4.34844e+05
    Temperature Pres. DC (bar) Pressure (bar)   Constr. rmsd
    3.02834e+02   -2.26383e+02    1.76284e+02    3.85009e-06


DD  step 28499  vol min/aver 0.644  load imb.: force  3.1%  pme mesh/force 0.993
           Step           Time
          28500       57.00000

   Energies (kJ/mol)
           Bond          Angle    Proper Dih. Ryckaert-Bell.          LJ-14
    1.45378e+03    3.74728e+03    2.44351e+02    1.85255e+03    2.72592e+03
     Coulomb-14        LJ (SR)  Disper. corr.   Coulomb (SR)   Coul. recip.
    7.77510e+03    9.34334e+04   -4.54895e+03   -6.33681e+05    2.93691e+03
 Position Rest.      Potential    Kinetic En.   Total Energy  Conserved En.
    4.69696e+02   -5.23591e+05    8.62120e+04   -4.37379e+05   -4.34861e+05
    Temperature Pres. DC (bar) Pressure (bar)   Constr. rmsd
    3.01606e+02   -2.24452e+02   -1.19558e+01    2.88576e-06


DD  step 28999  vol min/aver 0.662  load imb.: force  3.9%  pme mesh/force 0.990
           Step           Time
          29000       58.00000

   Energies (kJ/mol)
           Bond          Angle    Proper Dih. Ryckaert-Bell.          LJ-14
    1.28302e+03    3.73686e+03    2.64898e+02    1.89680e+03    2.73107e+03
     Coulomb-14        LJ (SR)  Disper. corr.   Coulomb (SR)   Coul. recip.
    7.76286e+03    9.45229e+04   -4.58080e+03   -6.36264e+05    2.85545e+03
 Position Rest.      Potential    Kinetic En.   Total Energy  Conserved En.
    4.36299e+02   -5.25355e+05    8.62701e+04   -4.39085e+05   -4.34853e+05
    Temperature Pres. DC (bar) Pressure (bar)   Constr. rmsd
    3.01809e+02   -2.27603e+02    3.41628e+02    3.58784e-06


DD  step 29499  vol min/aver 0.624  load imb.: force  3.0%  pme mesh/force 0.972
           Step           Time
          29500       59.00000

   Energies (kJ/mol)
           Bond          Angle    Proper Dih. Ryckaert-Bell.          LJ-14
    1.38473e+03    3.58733e+03    2.58634e+02    1.90982e+03    2.70118e+03
     Coulomb-14        LJ (SR)  Disper. corr.   Coulomb (SR)   Coul. recip.
    7.78474e+03    9.44570e+04   -4.54899e+03   -6.35697e+05    2.91773e+03
 Position Rest.      Potential    Kinetic En.   Total Energy  Conserved En.
    4.68923e+02   -5.24776e+05    8.55912e+04   -4.39184e+05   -4.34849e+05
    Temperature Pres. DC (bar) Pressure (bar)   Constr. rmsd
    2.99434e+02   -2.24456e+02    7.30051e+01    2.64150e-06


DD  step 29999  vol min/aver 0.642  load imb.: force  4.5%  pme mesh/force 0.969
           Step           Time
          30000       60.00000

   Energies (kJ/mol)
           Bond          Angle    Proper Dih. Ryckaert-Bell.          LJ-14
    1.45998e+03    3.68938e+03    2.42560e+02    1.80728e+03    2.68294e+03
     Coulomb-14        LJ (SR)  Disper. corr.   Coulomb (SR)   Coul. recip.
    7.81023e+03    9.32065e+04   -4.56401e+03   -6.34891e+05    2.94961e+03
 Position Rest.      Potential    Kinetic En.   Total Energy  Conserved En.
    4.92700e+02   -5.25114e+05    8.60027e+04   -4.39112e+05   -4.34840e+05
    Temperature Pres. DC (bar) Pressure (bar)   Constr. rmsd
    3.00874e+02   -2.25940e+02   -1.17418e+02    2.82549e-06


DD  step 30499  vol min/aver 0.663  load imb.: force  2.9%  pme mesh/force 0.982
           Step           Time
          30500       61.00000

   Energies (kJ/mol)
           Bond          Angle    Proper Dih. Ryckaert-Bell.          LJ-14
    1.46648e+03    3.76428e+03    2.53042e+02    1.85873e+03    2.71778e+03
     Coulomb-14        LJ (SR)  Disper. corr.   Coulomb (SR)   Coul. recip.
    7.84559e+03    9.23125e+04   -4.55158e+03   -6.31889e+05    2.91925e+03
 Position Rest.      Potential    Kinetic En.   Total Energy  Conserved En.
    4.71666e+02   -5.22831e+05    8.57539e+04   -4.37077e+05   -4.34839e+05
    Temperature Pres. DC (bar) Pressure (bar)   Constr. rmsd
    3.00003e+02   -2.24712e+02   -8.95334e+01    2.79161e-06


DD  step 30999  vol min/aver 0.634  load imb.: force  3.2%  pme mesh/force 0.967
           Step           Time
          31000       62.00000

   Energies (kJ/mol)
           Bond          Angle    Proper Dih. Ryckaert-Bell.          LJ-14
    1.50547e+03    3.64910e+03    2.65851e+02    1.93908e+03    2.70350e+03
     Coulomb-14        LJ (SR)  Disper. corr.   Coulomb (SR)   Coul. recip.
    7.75809e+03    9.34157e+04   -4.56243e+03   -6.33809e+05    2.89346e+03
 Position Rest.      Potential    Kinetic En.   Total Energy  Conserved En.
    4.61583e+02   -5.23780e+05    8.65285e+04   -4.37251e+05   -4.34844e+05
    Temperature Pres. DC (bar) Pressure (bar)   Constr. rmsd
    3.02714e+02   -2.25783e+02   -7.28099e+01    3.13305e-06


DD  step 31499  vol min/aver 0.625  load imb.: force  9.2%  pme mesh/force 0.922
           Step           Time
          31500       63.00000

   Energies (kJ/mol)
           Bond          Angle    Proper Dih. Ryckaert-Bell.          LJ-14
    1.42771e+03    3.71663e+03    2.63096e+02    1.78839e+03    2.73474e+03
     Coulomb-14        LJ (SR)  Disper. corr.   Coulomb (SR)   Coul. recip.
    7.76298e+03    9.34455e+04   -4.55893e+03   -6.34717e+05    2.94157e+03
 Position Rest.      Potential    Kinetic En.   Total Energy  Conserved En.
    4.79706e+02   -5.24716e+05    8.56038e+04   -4.39112e+05   -4.34845e+05
    Temperature Pres. DC (bar) Pressure (bar)   Constr. rmsd
    2.99479e+02   -2.25437e+02    6.60988e+01    3.09108e-06


DD  step 31999  vol min/aver 0.598  load imb.: force 10.5%  pme mesh/force 0.961

step 32000 Turning off dynamic load balancing, because it is degrading performance.
Atom distribution over 36 domains: av 941 stddev 25 min 899 max 1014
           Step           Time
          32000       64.00000

   Energies (kJ/mol)
           Bond          Angle    Proper Dih. Ryckaert-Bell.          LJ-14
    1.43208e+03    3.77717e+03    2.51376e+02    1.82515e+03    2.75317e+03
     Coulomb-14        LJ (SR)  Disper. corr.   Coulomb (SR)   Coul. recip.
    7.70794e+03    9.27407e+04   -4.55921e+03   -6.32949e+05    2.81955e+03
 Position Rest.      Potential    Kinetic En.   Total Energy  Conserved En.
    4.63704e+02   -5.23737e+05    8.56822e+04   -4.38055e+05   -4.34833e+05
    Temperature Pres. DC (bar) Pressure (bar)   Constr. rmsd
    2.99753e+02   -2.25465e+02   -7.86919e+01    2.38019e-06


DD  step 32499 load imb.: force 13.7%  pme mesh/force 0.942
           Step           Time
          32500       65.00000

   Energies (kJ/mol)
           Bond          Angle    Proper Dih. Ryckaert-Bell.          LJ-14
    1.25718e+03    3.76135e+03    2.33837e+02    1.80458e+03    2.76802e+03
     Coulomb-14        LJ (SR)  Disper. corr.   Coulomb (SR)   Coul. recip.
    7.80616e+03    9.28665e+04   -4.56790e+03   -6.34514e+05    2.88568e+03
 Position Rest.      Potential    Kinetic En.   Total Energy  Conserved En.
    4.98599e+02   -5.25200e+05    8.52711e+04   -4.39929e+05   -4.34833e+05
    Temperature Pres. DC (bar) Pressure (bar)   Constr. rmsd
    2.98315e+02   -2.26324e+02   -5.21703e+01    2.90979e-06


DD  step 32999 load imb.: force 13.3%  pme mesh/force 0.947
           Step           Time
          33000       66.00000

   Energies (kJ/mol)
           Bond          Angle    Proper Dih. Ryckaert-Bell.          LJ-14
    1.46407e+03    3.66265e+03    2.17252e+02    1.77894e+03    2.71906e+03
     Coulomb-14        LJ (SR)  Disper. corr.   Coulomb (SR)   Coul. recip.
    7.80919e+03    9.29473e+04   -4.54497e+03   -6.33997e+05    2.96158e+03
 Position Rest.      Potential    Kinetic En.   Total Energy  Conserved En.
    4.69563e+02   -5.24513e+05    8.61413e+04   -4.38371e+05   -4.34846e+05
    Temperature Pres. DC (bar) Pressure (bar)   Constr. rmsd
    3.01359e+02   -2.24061e+02   -1.81675e+02    2.73817e-06


DD  step 33499 load imb.: force 13.4%  pme mesh/force 0.943
           Step           Time
          33500       67.00000

   Energies (kJ/mol)
           Bond          Angle    Proper Dih. Ryckaert-Bell.          LJ-14
    1.39927e+03    3.64420e+03    2.36020e+02    1.86808e+03    2.67837e+03
     Coulomb-14        LJ (SR)  Disper. corr.   Coulomb (SR)   Coul. recip.
    7.73031e+03    9.42834e+04   -4.55724e+03   -6.35748e+05    2.88655e+03
 Position Rest.      Potential    Kinetic En.   Total Energy  Conserved En.
    4.66517e+02   -5.25112e+05    8.51599e+04   -4.39952e+05   -4.34834e+05
    Temperature Pres. DC (bar) Pressure (bar)   Constr. rmsd
    2.97926e+02   -2.25270e+02    1.59235e+02    2.62584e-06


DD  step 33999 load imb.: force 15.6%  pme mesh/force 0.936
           Step           Time
          34000       68.00000

   Energies (kJ/mol)
           Bond          Angle    Proper Dih. Ryckaert-Bell.          LJ-14
    1.49213e+03    3.83146e+03    2.54165e+02    1.84709e+03    2.66569e+03
     Coulomb-14        LJ (SR)  Disper. corr.   Coulomb (SR)   Coul. recip.
    7.71074e+03    9.28935e+04   -4.58091e+03   -6.33507e+05    2.89177e+03
 Position Rest.      Potential    Kinetic En.   Total Energy  Conserved En.
    4.67534e+02   -5.24034e+05    8.48524e+04   -4.39182e+05   -4.34805e+05
    Temperature Pres. DC (bar) Pressure (bar)   Constr. rmsd
    2.96850e+02   -2.27614e+02    8.48625e+01    2.87193e-06


DD  step 34499 load imb.: force 14.5%  pme mesh/force 0.939
           Step           Time
          34500       69.00000

   Energies (kJ/mol)
           Bond          Angle    Proper Dih. Ryckaert-Bell.          LJ-14
    1.38815e+03    3.82150e+03    2.56712e+02    1.79531e+03    2.68245e+03
     Coulomb-14        LJ (SR)  Disper. corr.   Coulomb (SR)   Coul. recip.
    7.77153e+03    9.42826e+04   -4.55970e+03   -6.36690e+05    2.89966e+03
 Position Rest.      Potential    Kinetic En.   Total Energy  Conserved En.
    4.56513e+02   -5.25896e+05    8.54164e+04   -4.40479e+05   -4.34810e+05
    Temperature Pres. DC (bar) Pressure (bar)   Constr. rmsd
    2.98823e+02   -2.25514e+02    5.02535e+01    3.09205e-06


DD  step 34999 load imb.: force 14.0%  pme mesh/force 0.936

step 35000 Will no longer try dynamic load balancing, as it degraded performance.
           Step           Time
          35000       70.00000

   Energies (kJ/mol)
           Bond          Angle    Proper Dih. Ryckaert-Bell.          LJ-14
    1.39416e+03    3.62378e+03    2.40700e+02    1.89711e+03    2.73022e+03
     Coulomb-14        LJ (SR)  Disper. corr.   Coulomb (SR)   Coul. recip.
    7.73442e+03    9.43025e+04   -4.56058e+03   -6.36604e+05    3.02470e+03
 Position Rest.      Potential    Kinetic En.   Total Energy  Conserved En.
    5.13616e+02   -5.25703e+05    8.58187e+04   -4.39885e+05   -4.34831e+05
    Temperature Pres. DC (bar) Pressure (bar)   Constr. rmsd
    3.00230e+02   -2.25600e+02    1.37141e+02    3.11111e-06


DD  step 35499 load imb.: force 13.8%  pme mesh/force 0.944
           Step           Time
          35500       71.00000

   Energies (kJ/mol)
           Bond          Angle    Proper Dih. Ryckaert-Bell.          LJ-14
    1.46230e+03    3.75675e+03    2.67804e+02    1.77475e+03    2.70402e+03
     Coulomb-14        LJ (SR)  Disper. corr.   Coulomb (SR)   Coul. recip.
    7.73253e+03    9.41551e+04   -4.54216e+03   -6.35094e+05    2.93445e+03
 Position Rest.      Potential    Kinetic En.   Total Energy  Conserved En.
    4.43804e+02   -5.24404e+05    8.58683e+04   -4.38536e+05   -4.34814e+05
    Temperature Pres. DC (bar) Pressure (bar)   Constr. rmsd
    3.00404e+02   -2.23784e+02   -2.91074e+01    2.99838e-06


DD  step 35999 load imb.: force 12.1%  pme mesh/force 0.942
           Step           Time
          36000       72.00000

   Energies (kJ/mol)
           Bond          Angle    Proper Dih. Ryckaert-Bell.          LJ-14
    1.42297e+03    3.69241e+03    2.69337e+02    1.85311e+03    2.68158e+03
     Coulomb-14        LJ (SR)  Disper. corr.   Coulomb (SR)   Coul. recip.
    7.68694e+03    9.28507e+04   -4.56713e+03   -6.33890e+05    2.90623e+03
 Position Rest.      Potential    Kinetic En.   Total Energy  Conserved En.
    5.00766e+02   -5.24594e+05    8.58127e+04   -4.38781e+05   -4.34827e+05
    Temperature Pres. DC (bar) Pressure (bar)   Constr. rmsd
    3.00209e+02   -2.26248e+02   -6.47908e+01    2.99105e-06


DD  step 36499 load imb.: force 12.2%  pme mesh/force 0.940
           Step           Time
          36500       73.00000

   Energies (kJ/mol)
           Bond          Angle    Proper Dih. Ryckaert-Bell.          LJ-14
    1.50267e+03    3.56081e+03    2.97906e+02    1.83612e+03    2.70731e+03
     Coulomb-14        LJ (SR)  Disper. corr.   Coulomb (SR)   Coul. recip.
    7.76070e+03    9.40871e+04   -4.57088e+03   -6.35117e+05    2.97419e+03
 Position Rest.      Potential    Kinetic En.   Total Energy  Conserved En.
    4.49495e+02   -5.24511e+05    8.58699e+04   -4.38641e+05   -4.34803e+05
    Temperature Pres. DC (bar) Pressure (bar)   Constr. rmsd
    3.00409e+02   -2.26619e+02    6.79868e+01    2.79163e-06


DD  step 36999 load imb.: force 12.8%  pme mesh/force 1.212
           Step           Time
          37000       74.00000

   Energies (kJ/mol)
           Bond          Angle    Proper Dih. Ryckaert-Bell.          LJ-14
    1.59929e+03    3.73876e+03    2.42987e+02    1.78273e+03    2.70678e+03
     Coulomb-14        LJ (SR)  Disper. corr.   Coulomb (SR)   Coul. recip.
    7.67805e+03    9.35927e+04   -4.55538e+03   -6.33813e+05    2.88518e+03
 Position Rest.      Potential    Kinetic En.   Total Energy  Conserved En.
    4.64989e+02   -5.23677e+05    8.61229e+04   -4.37554e+05   -4.34798e+05
    Temperature Pres. DC (bar) Pressure (bar)   Constr. rmsd
    3.01295e+02   -2.25087e+02   -4.29954e+01    3.02322e-06


DD  step 37499 load imb.: force 14.0%  pme mesh/force 0.940
           Step           Time
          37500       75.00000

   Energies (kJ/mol)
           Bond          Angle    Proper Dih. Ryckaert-Bell.          LJ-14
    1.58594e+03    3.64787e+03    2.66917e+02    1.86911e+03    2.62221e+03
     Coulomb-14        LJ (SR)  Disper. corr.   Coulomb (SR)   Coul. recip.
    7.72291e+03    9.33240e+04   -4.56137e+03   -6.33425e+05    2.95443e+03
 Position Rest.      Potential    Kinetic En.   Total Energy  Conserved En.
    4.51308e+02   -5.23541e+05    8.65696e+04   -4.36972e+05   -4.34810e+05
    Temperature Pres. DC (bar) Pressure (bar)   Constr. rmsd
    3.02857e+02   -2.25678e+02   -3.01056e-01    3.22213e-06


DD  step 37999 load imb.: force 13.4%  pme mesh/force 0.943
           Step           Time
          38000       76.00000

   Energies (kJ/mol)
           Bond          Angle    Proper Dih. Ryckaert-Bell.          LJ-14
    1.51347e+03    3.74597e+03    2.79948e+02    1.77089e+03    2.65676e+03
     Coulomb-14        LJ (SR)  Disper. corr.   Coulomb (SR)   Coul. recip.
    7.76513e+03    9.42833e+04   -4.57331e+03   -6.34586e+05    2.94990e+03
 Position Rest.      Potential    Kinetic En.   Total Energy  Conserved En.
    4.50746e+02   -5.23743e+05    8.55329e+04   -4.38210e+05   -4.34814e+05
    Temperature Pres. DC (bar) Pressure (bar)   Constr. rmsd
    2.99230e+02   -2.26860e+02    5.50927e+01    2.65758e-06


DD  step 38499 load imb.: force 12.7%  pme mesh/force 0.944
           Step           Time
          38500       77.00000

   Energies (kJ/mol)
           Bond          Angle    Proper Dih. Ryckaert-Bell.          LJ-14
    1.57031e+03    3.69213e+03    2.40890e+02    1.82596e+03    2.70354e+03
     Coulomb-14        LJ (SR)  Disper. corr.   Coulomb (SR)   Coul. recip.
    7.81939e+03    9.35683e+04   -4.55868e+03   -6.35293e+05    2.97339e+03
 Position Rest.      Potential    Kinetic En.   Total Energy  Conserved En.
    4.90206e+02   -5.24968e+05    8.59395e+04   -4.39028e+05   -4.34794e+05
    Temperature Pres. DC (bar) Pressure (bar)   Constr. rmsd
    3.00653e+02   -2.25412e+02   -1.50171e+02    2.93012e-06


DD  step 38999 load imb.: force 12.6%  pme mesh/force 0.949
           Step           Time
          39000       78.00000

   Energies (kJ/mol)
           Bond          Angle    Proper Dih. Ryckaert-Bell.          LJ-14
    1.38946e+03    3.85173e+03    2.78955e+02    1.78359e+03    2.65282e+03
     Coulomb-14        LJ (SR)  Disper. corr.   Coulomb (SR)   Coul. recip.
    7.80469e+03    9.39089e+04   -4.56884e+03   -6.34326e+05    3.01490e+03
 Position Rest.      Potential    Kinetic En.   Total Energy  Conserved En.
    5.11396e+02   -5.23699e+05    8.48569e+04   -4.38842e+05   -4.34785e+05
    Temperature Pres. DC (bar) Pressure (bar)   Constr. rmsd
    2.96866e+02   -2.26417e+02    6.84255e+01    2.92130e-06


DD  step 39499 load imb.: force 12.5%  pme mesh/force 0.943
           Step           Time
          39500       79.00000

   Energies (kJ/mol)
           Bond          Angle    Proper Dih. Ryckaert-Bell.          LJ-14
    1.48480e+03    3.65124e+03    2.27253e+02    1.78092e+03    2.79364e+03
     Coulomb-14        LJ (SR)  Disper. corr.   Coulomb (SR)   Coul. recip.
    7.93578e+03    9.31108e+04   -4.54895e+03   -6.34294e+05    2.90021e+03
 Position Rest.      Potential    Kinetic En.   Total Energy  Conserved En.
    4.80699e+02   -5.24478e+05    8.56751e+04   -4.38803e+05   -4.34788e+05
    Temperature Pres. DC (bar) Pressure (bar)   Constr. rmsd
    2.99728e+02   -2.24453e+02   -1.60123e+02    2.64894e-06


DD  step 39999 load imb.: force 12.9%  pme mesh/force 0.947
           Step           Time
          40000       80.00000

   Energies (kJ/mol)
           Bond          Angle    Proper Dih. Ryckaert-Bell.          LJ-14
    1.50765e+03    3.66279e+03    2.28953e+02    1.74312e+03    2.67450e+03
     Coulomb-14        LJ (SR)  Disper. corr.   Coulomb (SR)   Coul. recip.
    7.75726e+03    9.26733e+04   -4.56726e+03   -6.33582e+05    2.92022e+03
 Position Rest.      Potential    Kinetic En.   Total Energy  Conserved En.
    4.28139e+02   -5.24553e+05    8.62393e+04   -4.38314e+05   -4.34801e+05
    Temperature Pres. DC (bar) Pressure (bar)   Constr. rmsd
    3.01702e+02   -2.26261e+02   -6.56978e+01    3.16941e-06


DD  step 40499 load imb.: force 13.7%  pme mesh/force 0.940
           Step           Time
          40500       81.00000

   Energies (kJ/mol)
           Bond          Angle    Proper Dih. Ryckaert-Bell.          LJ-14
    1.40592e+03    3.85579e+03    2.54916e+02    1.79507e+03    2.65148e+03
     Coulomb-14        LJ (SR)  Disper. corr.   Coulomb (SR)   Coul. recip.
    7.70836e+03    9.26063e+04   -4.55400e+03   -6.33672e+05    2.89572e+03
 Position Rest.      Potential    Kinetic En.   Total Energy  Conserved En.
    4.42562e+02   -5.24610e+05    8.55334e+04   -4.39076e+05   -4.34774e+05
    Temperature Pres. DC (bar) Pressure (bar)   Constr. rmsd
    2.99232e+02   -2.24951e+02   -1.37104e+02    3.00952e-06


DD  step 40999 load imb.: force 12.8%  pme mesh/force 0.941
           Step           Time
          41000       82.00000

   Energies (kJ/mol)
           Bond          Angle    Proper Dih. Ryckaert-Bell.          LJ-14
    1.49392e+03    3.87620e+03    2.36681e+02    1.82040e+03    2.60554e+03
     Coulomb-14        LJ (SR)  Disper. corr.   Coulomb (SR)   Coul. recip.
    7.79320e+03    9.47955e+04   -4.55516e+03   -6.34431e+05    2.88620e+03
 Position Rest.      Potential    Kinetic En.   Total Energy  Conserved En.
    4.62630e+02   -5.23016e+05    8.64135e+04   -4.36602e+05   -4.34782e+05
    Temperature Pres. DC (bar) Pressure (bar)   Constr. rmsd
    3.02311e+02   -2.25065e+02    1.94265e+02    2.80888e-06


DD  step 41499 load imb.: force 13.3%  pme mesh/force 0.952
           Step           Time
          41500       83.00000

   Energies (kJ/mol)
           Bond          Angle    Proper Dih. Ryckaert-Bell.          LJ-14
    1.47757e+03    3.65325e+03    2.28324e+02    1.82019e+03    2.65128e+03
     Coulomb-14        LJ (SR)  Disper. corr.   Coulomb (SR)   Coul. recip.
    7.76058e+03    9.32790e+04   -4.57688e+03   -6.35113e+05    2.91509e+03
 Position Rest.      Potential    Kinetic En.   Total Energy  Conserved En.
    4.64433e+02   -5.25440e+05    8.51074e+04   -4.40333e+05   -4.34775e+05
    Temperature Pres. DC (bar) Pressure (bar)   Constr. rmsd
    2.97742e+02   -2.27213e+02   -7.04324e+01    2.89528e-06


DD  step 41999 load imb.: force 13.4%  pme mesh/force 0.945
           Step           Time
          42000       84.00000

   Energies (kJ/mol)
           Bond          Angle    Proper Dih. Ryckaert-Bell.          LJ-14
    1.45039e+03    3.77242e+03    2.71636e+02    1.80425e+03    2.63419e+03
     Coulomb-14        LJ (SR)  Disper. corr.   Coulomb (SR)   Coul. recip.
    7.64743e+03    9.30072e+04   -4.57069e+03   -6.33425e+05    2.89351e+03
 Position Rest.      Potential    Kinetic En.   Total Energy  Conserved En.
    4.47298e+02   -5.24067e+05    8.55625e+04   -4.38504e+05   -4.34773e+05
    Temperature Pres. DC (bar) Pressure (bar)   Constr. rmsd
    2.99334e+02   -2.26601e+02   -1.15400e+02    2.93238e-06


DD  step 42499 load imb.: force 17.0%  pme mesh/force 0.944
           Step           Time
          42500       85.00000

   Energies (kJ/mol)
           Bond          Angle    Proper Dih. Ryckaert-Bell.          LJ-14
    1.49980e+03    3.77685e+03    2.26792e+02    1.83482e+03    2.66470e+03
     Coulomb-14        LJ (SR)  Disper. corr.   Coulomb (SR)   Coul. recip.
    7.79186e+03    9.40765e+04   -4.56521e+03   -6.35872e+05    2.93065e+03
 Position Rest.      Potential    Kinetic En.   Total Energy  Conserved En.
    4.55495e+02   -5.25180e+05    8.61669e+04   -4.39013e+05   -4.34776e+05
    Temperature Pres. DC (bar) Pressure (bar)   Constr. rmsd
    3.01448e+02   -2.26058e+02   -4.25414e+01    2.93398e-06


DD  step 42999 load imb.: force 14.5%  pme mesh/force 0.939
           Step           Time
          43000       86.00000

   Energies (kJ/mol)
           Bond          Angle    Proper Dih. Ryckaert-Bell.          LJ-14
    1.53693e+03    3.68425e+03    2.58231e+02    1.75282e+03    2.75740e+03
     Coulomb-14        LJ (SR)  Disper. corr.   Coulomb (SR)   Coul. recip.
    7.79426e+03    9.27245e+04   -4.55327e+03   -6.33149e+05    2.93578e+03
 Position Rest.      Potential    Kinetic En.   Total Energy  Conserved En.
    4.56796e+02   -5.23801e+05    8.53425e+04   -4.38458e+05   -4.34753e+05
    Temperature Pres. DC (bar) Pressure (bar)   Constr. rmsd
    2.98564e+02   -2.24878e+02   -4.22276e+01    3.07117e-06


DD  step 43499 load imb.: force 13.4%  pme mesh/force 0.946
           Step           Time
          43500       87.00000

   Energies (kJ/mol)
           Bond          Angle    Proper Dih. Ryckaert-Bell.          LJ-14
    1.39048e+03    3.78688e+03    2.34931e+02    1.76862e+03    2.62474e+03
     Coulomb-14        LJ (SR)  Disper. corr.   Coulomb (SR)   Coul. recip.
    7.74122e+03    9.31425e+04   -4.56480e+03   -6.34848e+05    2.93596e+03
 Position Rest.      Potential    Kinetic En.   Total Energy  Conserved En.
    4.82706e+02   -5.25304e+05    8.52812e+04   -4.40023e+05   -4.34749e+05
    Temperature Pres. DC (bar) Pressure (bar)   Constr. rmsd
    2.98350e+02   -2.26018e+02   -9.29347e+00    2.50161e-06


DD  step 43999 load imb.: force 14.2%  pme mesh/force 0.937
           Step           Time
          44000       88.00000

   Energies (kJ/mol)
           Bond          Angle    Proper Dih. Ryckaert-Bell.          LJ-14
    1.42776e+03    3.53757e+03    2.58119e+02    1.88420e+03    2.68304e+03
     Coulomb-14        LJ (SR)  Disper. corr.   Coulomb (SR)   Coul. recip.
    7.80665e+03    9.38106e+04   -4.56784e+03   -6.35155e+05    2.99768e+03
 Position Rest.      Potential    Kinetic En.   Total Energy  Conserved En.
    4.56025e+02   -5.24862e+05    8.55581e+04   -4.39303e+05   -4.34774e+05
    Temperature Pres. DC (bar) Pressure (bar)   Constr. rmsd
    2.99319e+02   -2.26319e+02   -7.09774e+01    2.80953e-06


DD  step 44499 load imb.: force 13.3%  pme mesh/force 0.946
           Step           Time
          44500       89.00000

   Energies (kJ/mol)
           Bond          Angle    Proper Dih. Ryckaert-Bell.          LJ-14
    1.41395e+03    3.76332e+03    2.41383e+02    1.78905e+03    2.73243e+03
     Coulomb-14        LJ (SR)  Disper. corr.   Coulomb (SR)   Coul. recip.
    7.67200e+03    9.45302e+04   -4.56320e+03   -6.35766e+05    2.86598e+03
 Position Rest.      Potential    Kinetic En.   Total Energy  Conserved En.
    4.55151e+02   -5.24865e+05    8.61121e+04   -4.38753e+05   -4.34766e+05
    Temperature Pres. DC (bar) Pressure (bar)   Constr. rmsd
    3.01257e+02   -2.25859e+02    2.42475e+02    3.12517e-06


DD  step 44999 load imb.: force 14.0%  pme mesh/force 0.940
           Step           Time
          45000       90.00000

   Energies (kJ/mol)
           Bond          Angle    Proper Dih. Ryckaert-Bell.          LJ-14
    1.28485e+03    3.69506e+03    2.39903e+02    1.79199e+03    2.72105e+03
     Coulomb-14        LJ (SR)  Disper. corr.   Coulomb (SR)   Coul. recip.
    7.75316e+03    9.21403e+04   -4.57556e+03   -6.33310e+05    2.88838e+03
 Position Rest.      Potential    Kinetic En.   Total Energy  Conserved En.
    4.94065e+02   -5.24877e+05    8.48703e+04   -4.40007e+05   -4.34769e+05
    Temperature Pres. DC (bar) Pressure (bar)   Constr. rmsd
    2.96913e+02   -2.27083e+02   -7.29506e+01    3.01699e-06


DD  step 45499 load imb.: force 13.4%  pme mesh/force 0.952
           Step           Time
          45500       91.00000

   Energies (kJ/mol)
           Bond          Angle    Proper Dih. Ryckaert-Bell.          LJ-14
    1.41253e+03    3.74041e+03    2.61106e+02    1.87535e+03    2.78197e+03
     Coulomb-14        LJ (SR)  Disper. corr.   Coulomb (SR)   Coul. recip.
    7.80248e+03    9.32321e+04   -4.56691e+03   -6.33269e+05    2.91665e+03
 Position Rest.      Potential    Kinetic En.   Total Energy  Conserved En.
    4.86953e+02   -5.23326e+05    8.60445e+04   -4.37282e+05   -4.34750e+05
    Temperature Pres. DC (bar) Pressure (bar)   Constr. rmsd
    3.01020e+02   -2.26227e+02    1.08907e+02    2.98821e-06


DD  step 45999 load imb.: force 13.1%  pme mesh/force 0.946
           Step           Time
          46000       92.00000

   Energies (kJ/mol)
           Bond          Angle    Proper Dih. Ryckaert-Bell.          LJ-14
    1.43041e+03    3.79906e+03    2.37791e+02    1.82941e+03    2.69368e+03
     Coulomb-14        LJ (SR)  Disper. corr.   Coulomb (SR)   Coul. recip.
    7.78430e+03    9.28968e+04   -4.57546e+03   -6.33885e+05    2.92302e+03
 Position Rest.      Potential    Kinetic En.   Total Energy  Conserved En.
    4.93913e+02   -5.24372e+05    8.56413e+04   -4.38731e+05   -4.34753e+05
    Temperature Pres. DC (bar) Pressure (bar)   Constr. rmsd
    2.99610e+02   -2.27074e+02   -2.18645e+01    3.29681e-06


DD  step 46499 load imb.: force 14.1%  pme mesh/force 0.942
           Step           Time
          46500       93.00000

   Energies (kJ/mol)
           Bond          Angle    Proper Dih. Ryckaert-Bell.          LJ-14
    1.50049e+03    3.79904e+03    2.36859e+02    1.76533e+03    2.60802e+03
     Coulomb-14        LJ (SR)  Disper. corr.   Coulomb (SR)   Coul. recip.
    7.78679e+03    9.27168e+04   -4.57317e+03   -6.34243e+05    3.02591e+03
 Position Rest.      Potential    Kinetic En.   Total Energy  Conserved En.
    4.69683e+02   -5.24907e+05    8.57528e+04   -4.39154e+05   -4.34750e+05
    Temperature Pres. DC (bar) Pressure (bar)   Constr. rmsd
    3.00000e+02   -2.26846e+02   -2.67853e+02    2.76926e-06


DD  step 46999 load imb.: force 15.3%  pme mesh/force 0.938
           Step           Time
          47000       94.00000

   Energies (kJ/mol)
           Bond          Angle    Proper Dih. Ryckaert-Bell.          LJ-14
    1.50749e+03    3.68956e+03    2.28373e+02    1.76261e+03    2.68868e+03
     Coulomb-14        LJ (SR)  Disper. corr.   Coulomb (SR)   Coul. recip.
    7.74012e+03    9.26224e+04   -4.54842e+03   -6.34025e+05    2.91407e+03
 Position Rest.      Potential    Kinetic En.   Total Energy  Conserved En.
    4.43187e+02   -5.24977e+05    8.56259e+04   -4.39351e+05   -4.34730e+05
    Temperature Pres. DC (bar) Pressure (bar)   Constr. rmsd
    2.99556e+02   -2.24401e+02   -1.93968e+02    2.60163e-06


DD  step 47499 load imb.: force 14.4%  pme mesh/force 0.934
           Step           Time
          47500       95.00000

   Energies (kJ/mol)
           Bond          Angle    Proper Dih. Ryckaert-Bell.          LJ-14
    1.38166e+03    3.80092e+03    2.49261e+02    1.86969e+03    2.64836e+03
     Coulomb-14        LJ (SR)  Disper. corr.   Coulomb (SR)   Coul. recip.
    7.76515e+03    9.20328e+04   -4.54334e+03   -6.33721e+05    2.87992e+03
 Position Rest.      Potential    Kinetic En.   Total Energy  Conserved En.
    4.58573e+02   -5.25178e+05    8.57877e+04   -4.39390e+05   -4.34741e+05
    Temperature Pres. DC (bar) Pressure (bar)   Constr. rmsd
    3.00122e+02   -2.23900e+02   -3.86974e+02    3.23169e-06


DD  step 47999 load imb.: force 14.5%  pme mesh/force 0.938
           Step           Time
          48000       96.00000

   Energies (kJ/mol)
           Bond          Angle    Proper Dih. Ryckaert-Bell.          LJ-14
    1.50555e+03    3.76260e+03    2.39612e+02    1.82251e+03    2.65918e+03
     Coulomb-14        LJ (SR)  Disper. corr.   Coulomb (SR)   Coul. recip.
    7.78998e+03    9.41556e+04   -4.54980e+03   -6.34984e+05    2.96657e+03
 Position Rest.      Potential    Kinetic En.   Total Energy  Conserved En.
    4.15863e+02   -5.24216e+05    8.61488e+04   -4.38067e+05   -4.34732e+05
    Temperature Pres. DC (bar) Pressure (bar)   Constr. rmsd
    3.01385e+02   -2.24537e+02    1.42690e+01    3.23974e-06


DD  step 48499 load imb.: force 13.5%  pme mesh/force 0.937
           Step           Time
          48500       97.00000

   Energies (kJ/mol)
           Bond          Angle    Proper Dih. Ryckaert-Bell.          LJ-14
    1.40545e+03    4.01392e+03    2.38498e+02    1.88386e+03    2.67703e+03
     Coulomb-14        LJ (SR)  Disper. corr.   Coulomb (SR)   Coul. recip.
    7.82875e+03    9.43476e+04   -4.55559e+03   -6.35529e+05    2.96776e+03
 Position Rest.      Potential    Kinetic En.   Total Energy  Conserved En.
    4.59047e+02   -5.24263e+05    8.55031e+04   -4.38760e+05   -4.34719e+05
    Temperature Pres. DC (bar) Pressure (bar)   Constr. rmsd
    2.99126e+02   -2.25107e+02    1.07555e+02    3.13739e-06


DD  step 48999 load imb.: force 13.8%  pme mesh/force 0.944
           Step           Time
          49000       98.00000

   Energies (kJ/mol)
           Bond          Angle    Proper Dih. Ryckaert-Bell.          LJ-14
    1.38608e+03    3.79965e+03    3.01144e+02    1.79151e+03    2.79112e+03
     Coulomb-14        LJ (SR)  Disper. corr.   Coulomb (SR)   Coul. recip.
    7.72803e+03    9.37517e+04   -4.55853e+03   -6.35756e+05    2.93031e+03
 Position Rest.      Potential    Kinetic En.   Total Energy  Conserved En.
    4.48485e+02   -5.25386e+05    8.63975e+04   -4.38989e+05   -4.34725e+05
    Temperature Pres. DC (bar) Pressure (bar)   Constr. rmsd
    3.02255e+02   -2.25398e+02    7.06034e+01    3.17836e-06


DD  step 49499 load imb.: force 13.7%  pme mesh/force 0.944
           Step           Time
          49500       99.00000

   Energies (kJ/mol)
           Bond          Angle    Proper Dih. Ryckaert-Bell.          LJ-14
    1.46376e+03    3.87794e+03    2.76156e+02    1.76996e+03    2.64747e+03
     Coulomb-14        LJ (SR)  Disper. corr.   Coulomb (SR)   Coul. recip.
    7.77999e+03    9.35653e+04   -4.57124e+03   -6.34376e+05    2.97769e+03
 Position Rest.      Potential    Kinetic En.   Total Energy  Conserved En.
    4.43688e+02   -5.24145e+05    8.56295e+04   -4.38516e+05   -4.34703e+05
    Temperature Pres. DC (bar) Pressure (bar)   Constr. rmsd
    2.99568e+02   -2.26655e+02    8.13183e+01    3.00519e-06


DD  step 49999 load imb.: force 14.2%  pme mesh/force 0.944
           Step           Time
          50000      100.00000

Writing checkpoint, step 50000 at Tue Sep 27 16:38:51 2022


   Energies (kJ/mol)
           Bond          Angle    Proper Dih. Ryckaert-Bell.          LJ-14
    1.48313e+03    3.55885e+03    2.26579e+02    1.81688e+03    2.64052e+03
     Coulomb-14        LJ (SR)  Disper. corr.   Coulomb (SR)   Coul. recip.
    7.71567e+03    9.40892e+04   -4.53630e+03   -6.35485e+05    2.93092e+03
 Position Rest.      Potential    Kinetic En.   Total Energy  Conserved En.
    4.73011e+02   -5.25086e+05    8.46572e+04   -4.40429e+05   -4.34727e+05
    Temperature Pres. DC (bar) Pressure (bar)   Constr. rmsd
    2.96167e+02   -2.23208e+02   -1.80178e+01    2.95566e-06


	<======  ###############  ==>
	<====  A V E R A G E S  ====>
	<==  ###############  ======>

	Statistics over 50001 steps using 501 frames

   Energies (kJ/mol)
           Bond          Angle    Proper Dih. Ryckaert-Bell.          LJ-14
    1.45152e+03    3.73192e+03    2.48704e+02    1.83050e+03    2.68167e+03
     Coulomb-14        LJ (SR)  Disper. corr.   Coulomb (SR)   Coul. recip.
    7.74983e+03    9.36642e+04   -4.56142e+03   -6.34764e+05    2.92986e+03
 Position Rest.      Potential    Kinetic En.   Total Energy  Conserved En.
    4.66146e+02   -5.24571e+05    8.57631e+04   -4.38808e+05   -4.34868e+05
    Temperature Pres. DC (bar) Pressure (bar)   Constr. rmsd
    3.00036e+02   -2.25685e+02    2.11063e+00    0.00000e+00

          Box-X          Box-Y          Box-Z
    6.95220e+00    6.95220e+00    6.95220e+00

   Total Virial (kJ/mol)
    2.84477e+04    1.72008e+02   -2.56814e+02
    1.72878e+02    2.86853e+04    1.98370e+02
   -2.55749e+02    1.98359e+02    2.85719e+04

   Pressure (bar)
    1.50658e+01   -1.77527e+01    2.69093e+01
   -1.78389e+01   -9.56451e+00   -2.01963e+01
    2.68039e+01   -2.01950e+01    8.30557e-01

      T-Protein  T-non-Protein
    3.00016e+02    3.00037e+02


	M E G A - F L O P S   A C C O U N T I N G

 NB=Group-cutoff nonbonded kernels    NxN=N-by-N cluster Verlet kernels
 RF=Reaction-Field  VdW=Van der Waals  QSTab=quadratic-spline table
 W3=SPC/TIP3p  W4=TIP4p (single or pairs)
 V&F=Potential and force  V=Potential only  F=Force only

 Computing:                               M-Number         M-Flops  % Flops
-----------------------------------------------------------------------------
 Pair Search distance check           15425.890878      138833.018     0.2
 NxN Ewald Elec. + LJ [F]            552785.655488    36483853.262    52.0
 NxN Ewald Elec. + LJ [V&F]            5594.392272      598599.973     0.9
 NxN Ewald Elec. [F]                 491735.266016    29995851.227    42.8
 NxN Ewald Elec. [V&F]                 4976.855024      418055.822     0.6
 1,4 nonbonded interactions             255.305106       22977.460     0.0
 Calc Weights                          5081.501628      182934.059     0.3
 Spread Q Bspline                    108405.368064      216810.736     0.3
 Gather F Bspline                    108405.368064      650432.208     0.9
 3D-FFT                              139519.590336     1116156.723     1.6
 Solve PME                              290.405808       18585.972     0.0
 Reset In Box                            33.808248         101.425     0.0
 CG-CoM                                  33.909876         101.730     0.0
 Bonds                                   51.251025        3023.810     0.0
 Angles                                 177.353547       29795.396     0.0
 Propers                                 21.300426        4877.798     0.0
 RB-Dihedrals                           197.503950       48783.476     0.1
 Pos. Restr.                             50.051001        2502.550     0.0
 Virial                                 177.515496        3195.279     0.0
 Stop-CM                                 16.971876         169.719     0.0
 Calc-Ekin                              338.827752        9148.349     0.0
 Lincs                                   47.950959        2877.058     0.0
 Lincs-Mat                              238.804776         955.219     0.0
 Constraint-V                          1691.333826       13530.671     0.0
 Constraint-Vir                         164.367867        3944.829     0.0
 Settle                                 531.810636      171774.835     0.2
-----------------------------------------------------------------------------
 Total                                                70137872.602   100.0
-----------------------------------------------------------------------------


    D O M A I N   D E C O M P O S I T I O N   S T A T I S T I C S

 av. #atoms communicated per step for force:  2 x 90973.3


Dynamic load balancing report:
 DLB got disabled because it was unsuitable to use.
 Average load imbalance: 6.2%.
 The balanceable part of the MD step is 76%, load imbalance is computed from this.
 Part of the total run time spent waiting due to load imbalance: 4.7%.
 Average PME mesh/force load: 0.986
 Part of the total run time spent waiting due to PP/PME imbalance: 0.3 %


     R E A L   C Y C L E   A N D   T I M E   A C C O U N T I N G

On 36 MPI ranks doing PP, and
on 12 MPI ranks doing PME

 Computing:          Num   Num      Call    Wall time         Giga-Cycles
                     Ranks Threads  Count      (s)         total sum    %
-----------------------------------------------------------------------------
 Domain decomp.        36    1       1000       0.856         89.145   1.5
 DD comm. load         36    1        531       0.005          0.565   0.0
 DD comm. bounds       36    1        477       0.025          2.575   0.0
 Send X to PME         36    1      50001       1.700        177.105   2.9
 Neighbor search       36    1       1001       2.081        216.793   3.6
 Comm. coord.          36    1      49000       3.398        353.919   5.9
 Force                 36    1      50001      25.299       2634.988  43.6
 Wait + Comm. F        36    1      50001       4.601        479.237   7.9
 PME mesh *            12    1      50001      31.218       1083.828  17.9
 PME wait for PP *                             12.044        418.140   6.9
 Wait + Recv. PME F    36    1      50001       0.952         99.133   1.6
 NB X/F buffer ops.    36    1     148001       0.894         93.100   1.5
 Write traj.           36    1        101       0.049          5.074   0.1
 Update                36    1      50001       0.187         19.487   0.3
 Constraints           36    1      50001       0.586         61.064   1.0
 Comm. energies        36    1       5001       2.773        288.834   4.8
 Rest                                           0.141         14.661   0.2
-----------------------------------------------------------------------------
 Total                                         43.548       6047.571 100.0
-----------------------------------------------------------------------------
(*) Note that with separate PME ranks, the walltime column actually sums to
    twice the total reported, but the cycle count total and % are correct.
-----------------------------------------------------------------------------
 Breakdown of PME mesh computation
-----------------------------------------------------------------------------
 PME redist. X/F       12    1     100002       7.945        275.839   4.6
 PME spread            12    1      50001       7.772        269.842   4.5
 PME gather            12    1      50001       6.408        222.457   3.7
 PME 3D-FFT            12    1     100002       5.796        201.218   3.3
 PME 3D-FFT Comm.      12    1     200004       2.827         98.149   1.6
 PME solve Elec        12    1      50001       0.424         14.707   0.2
-----------------------------------------------------------------------------

               Core t (s)   Wall t (s)        (%)
       Time:     2090.284       43.548     4800.0
                 (ns/day)    (hour/ns)
Performance:      198.406        0.121
Finished mdrun on rank 0 Tue Sep 27 16:38:52 2022

